{
"/Users/Mora/Workspace/node/elegant.def/src/lib/base.js":{"path":"/Users/Mora/Workspace/node/elegant.def/src/lib/base.js","s":{"1":1,"2":959,"3":1273,"4":1273,"5":1,"6":1,"7":1881,"8":2736,"9":578,"10":1,"11":1598,"12":1,"13":409,"14":1,"15":797,"16":797,"17":2,"18":1,"19":178,"20":178,"21":2,"22":1,"23":1,"24":978,"25":1,"26":1,"27":7,"28":1452,"29":1,"30":5,"31":2,"32":5,"33":4,"34":2,"35":2,"36":1,"37":1,"38":525,"39":1,"40":683,"41":2,"42":683,"43":739,"44":669,"45":745,"46":683,"47":1,"48":1,"49":2,"50":1,"51":1,"52":1,"53":2,"54":1,"55":1,"56":11,"57":1,"58":11,"59":1,"60":11},"b":{"1":[1273,0],"2":[1,1272],"3":[578,2156],"4":[405,4],"5":[796,1],"6":[1,1],"7":[177,1],"8":[1,1],"9":[1,1],"10":[978,294],"11":[1452,1452],"12":[2,3],"13":[4,1],"14":[2,2],"15":[2,1],"16":[2,1],"17":[525,507],"18":[2,681],"19":[669,70],"20":[1,1],"21":[1,10],"22":[1,10]},"f":{"1":959,"2":1881,"3":1598,"4":409,"5":797,"6":2,"7":178,"8":2,"9":978,"10":7,"11":1452,"12":5,"13":525,"14":683,"15":739,"16":745,"17":2,"18":2,"19":11},"fnMap":{"1":{"name":"(anonymous_1)","line":21,"loc":{"start":{"line":21,"column":18},"end":{"line":21,"column":36}}},"2":{"name":"(anonymous_2)","line":37,"loc":{"start":{"line":37,"column":18},"end":{"line":37,"column":36}}},"3":{"name":"(anonymous_3)","line":51,"loc":{"start":{"line":51,"column":17},"end":{"line":51,"column":31}}},"4":{"name":"(anonymous_4)","line":61,"loc":{"start":{"line":61,"column":15},"end":{"line":61,"column":29}}},"5":{"name":"(anonymous_5)","line":73,"loc":{"start":{"line":73,"column":14},"end":{"line":73,"column":32}}},"6":{"name":"(anonymous_6)","line":77,"loc":{"start":{"line":77,"column":26},"end":{"line":77,"column":36}}},"7":{"name":"(anonymous_7)","line":89,"loc":{"start":{"line":89,"column":17},"end":{"line":89,"column":35}}},"8":{"name":"(anonymous_8)","line":93,"loc":{"start":{"line":93,"column":26},"end":{"line":93,"column":37}}},"9":{"name":"(anonymous_9)","line":107,"loc":{"start":{"line":107,"column":17},"end":{"line":107,"column":42}}},"10":{"name":"(anonymous_10)","line":114,"loc":{"start":{"line":114,"column":84},"end":{"line":114,"column":98}}},"11":{"name":"(anonymous_11)","line":116,"loc":{"start":{"line":116,"column":18},"end":{"line":116,"column":32}}},"12":{"name":"(anonymous_12)","line":125,"loc":{"start":{"line":125,"column":22},"end":{"line":125,"column":37}}},"13":{"name":"(anonymous_13)","line":146,"loc":{"start":{"line":146,"column":16},"end":{"line":146,"column":31}}},"14":{"name":"(anonymous_14)","line":151,"loc":{"start":{"line":151,"column":16},"end":{"line":151,"column":29}}},"15":{"name":"(anonymous_15)","line":153,"loc":{"start":{"line":153,"column":48},"end":{"line":153,"column":62}}},"16":{"name":"(anonymous_16)","line":154,"loc":{"start":{"line":154,"column":47},"end":{"line":154,"column":62}}},"17":{"name":"(anonymous_17)","line":167,"loc":{"start":{"line":167,"column":21},"end":{"line":167,"column":35}}},"18":{"name":"(anonymous_18)","line":172,"loc":{"start":{"line":172,"column":23},"end":{"line":172,"column":42}}},"19":{"name":"(anonymous_19)","line":184,"loc":{"start":{"line":184,"column":25},"end":{"line":184,"column":39}}}},"statementMap":{"1":{"start":{"line":21,"column":0},"end":{"line":29,"column":2}},"2":{"start":{"line":22,"column":2},"end":{"line":28,"column":3}},"3":{"start":{"line":23,"column":4},"end":{"line":27,"column":5}},"4":{"start":{"line":24,"column":6},"end":{"line":26,"column":7}},"5":{"start":{"line":25,"column":8},"end":{"line":25,"column":14}},"6":{"start":{"line":37,"column":0},"end":{"line":43,"column":2}},"7":{"start":{"line":38,"column":2},"end":{"line":42,"column":3}},"8":{"start":{"line":39,"column":4},"end":{"line":41,"column":5}},"9":{"start":{"line":40,"column":6},"end":{"line":40,"column":12}},"10":{"start":{"line":51,"column":0},"end":{"line":53,"column":2}},"11":{"start":{"line":52,"column":2},"end":{"line":52,"column":60}},"12":{"start":{"line":61,"column":0},"end":{"line":63,"column":2}},"13":{"start":{"line":62,"column":2},"end":{"line":62,"column":63}},"14":{"start":{"line":73,"column":0},"end":{"line":80,"column":2}},"15":{"start":{"line":74,"column":2},"end":{"line":74,"column":13}},"16":{"start":{"line":75,"column":2},"end":{"line":79,"column":13}},"17":{"start":{"line":78,"column":6},"end":{"line":78,"column":40}},"18":{"start":{"line":89,"column":0},"end":{"line":98,"column":2}},"19":{"start":{"line":90,"column":2},"end":{"line":90,"column":13}},"20":{"start":{"line":91,"column":2},"end":{"line":97,"column":13}},"21":{"start":{"line":94,"column":6},"end":{"line":96,"column":7}},"22":{"start":{"line":95,"column":8},"end":{"line":95,"column":18}},"23":{"start":{"line":107,"column":0},"end":{"line":109,"column":2}},"24":{"start":{"line":108,"column":2},"end":{"line":108,"column":44}},"25":{"start":{"line":111,"column":0},"end":{"line":111,"column":11}},"26":{"start":{"line":114,"column":0},"end":{"line":117,"column":3}},"27":{"start":{"line":116,"column":2},"end":{"line":116,"column":101}},"28":{"start":{"line":116,"column":34},"end":{"line":116,"column":98}},"29":{"start":{"line":125,"column":0},"end":{"line":138,"column":2}},"30":{"start":{"line":126,"column":2},"end":{"line":126,"column":53}},"31":{"start":{"line":126,"column":31},"end":{"line":126,"column":51}},"32":{"start":{"line":128,"column":2},"end":{"line":136,"column":3}},"33":{"start":{"line":130,"column":4},"end":{"line":135,"column":5}},"34":{"start":{"line":132,"column":6},"end":{"line":132,"column":64}},"35":{"start":{"line":134,"column":6},"end":{"line":134,"column":50}},"36":{"start":{"line":137,"column":2},"end":{"line":137,"column":15}},"37":{"start":{"line":146,"column":0},"end":{"line":148,"column":2}},"38":{"start":{"line":147,"column":2},"end":{"line":147,"column":60}},"39":{"start":{"line":151,"column":0},"end":{"line":157,"column":2}},"40":{"start":{"line":152,"column":2},"end":{"line":152,"column":23}},"41":{"start":{"line":152,"column":13},"end":{"line":152,"column":21}},"42":{"start":{"line":153,"column":2},"end":{"line":155,"column":5}},"43":{"start":{"line":154,"column":4},"end":{"line":154,"column":79}},"44":{"start":{"line":154,"column":26},"end":{"line":154,"column":78}},"45":{"start":{"line":154,"column":64},"end":{"line":154,"column":74}},"46":{"start":{"line":156,"column":2},"end":{"line":156,"column":12}},"47":{"start":{"line":159,"column":0},"end":{"line":159,"column":33}},"48":{"start":{"line":167,"column":0},"end":{"line":176,"column":2}},"49":{"start":{"line":168,"column":2},"end":{"line":170,"column":3}},"50":{"start":{"line":169,"column":4},"end":{"line":169,"column":28}},"51":{"start":{"line":171,"column":2},"end":{"line":171,"column":16}},"52":{"start":{"line":172,"column":2},"end":{"line":174,"column":5}},"53":{"start":{"line":173,"column":4},"end":{"line":173,"column":19}},"54":{"start":{"line":175,"column":2},"end":{"line":175,"column":14}},"55":{"start":{"line":184,"column":0},"end":{"line":192,"column":2}},"56":{"start":{"line":185,"column":2},"end":{"line":187,"column":3}},"57":{"start":{"line":186,"column":4},"end":{"line":186,"column":20}},"58":{"start":{"line":188,"column":2},"end":{"line":190,"column":3}},"59":{"start":{"line":189,"column":4},"end":{"line":189,"column":15}},"60":{"start":{"line":191,"column":2},"end":{"line":191,"column":13}}},"branchMap":{"1":{"line":23,"type":"if","locations":[{"start":{"line":23,"column":4},"end":{"line":23,"column":4}},{"start":{"line":23,"column":4},"end":{"line":23,"column":4}}]},"2":{"line":24,"type":"if","locations":[{"start":{"line":24,"column":6},"end":{"line":24,"column":6}},{"start":{"line":24,"column":6},"end":{"line":24,"column":6}}]},"3":{"line":39,"type":"if","locations":[{"start":{"line":39,"column":4},"end":{"line":39,"column":4}},{"start":{"line":39,"column":4},"end":{"line":39,"column":4}}]},"4":{"line":62,"type":"cond-expr","locations":[{"start":{"line":62,"column":20},"end":{"line":62,"column":30}},{"start":{"line":62,"column":33},"end":{"line":62,"column":62}}]},"5":{"line":75,"type":"cond-expr","locations":[{"start":{"line":76,"column":4},"end":{"line":76,"column":15}},{"start":{"line":77,"column":5},"end":{"line":79,"column":11}}]},"6":{"line":77,"type":"binary-expr","locations":[{"start":{"line":77,"column":5},"end":{"line":79,"column":6}},{"start":{"line":79,"column":10},"end":{"line":79,"column":11}}]},"7":{"line":91,"type":"cond-expr","locations":[{"start":{"line":92,"column":4},"end":{"line":92,"column":18}},{"start":{"line":93,"column":5},"end":{"line":97,"column":11}}]},"8":{"line":93,"type":"binary-expr","locations":[{"start":{"line":93,"column":5},"end":{"line":97,"column":6}},{"start":{"line":97,"column":10},"end":{"line":97,"column":11}}]},"9":{"line":94,"type":"if","locations":[{"start":{"line":94,"column":6},"end":{"line":94,"column":6}},{"start":{"line":94,"column":6},"end":{"line":94,"column":6}}]},"10":{"line":108,"type":"binary-expr","locations":[{"start":{"line":108,"column":32},"end":{"line":108,"column":37}},{"start":{"line":108,"column":41},"end":{"line":108,"column":42}}]},"11":{"line":116,"type":"binary-expr","locations":[{"start":{"line":116,"column":41},"end":{"line":116,"column":52}},{"start":{"line":116,"column":56},"end":{"line":116,"column":97}}]},"12":{"line":126,"type":"if","locations":[{"start":{"line":126,"column":2},"end":{"line":126,"column":2}},{"start":{"line":126,"column":2},"end":{"line":126,"column":2}}]},"13":{"line":128,"type":"if","locations":[{"start":{"line":128,"column":2},"end":{"line":128,"column":2}},{"start":{"line":128,"column":2},"end":{"line":128,"column":2}}]},"14":{"line":130,"type":"if","locations":[{"start":{"line":130,"column":4},"end":{"line":130,"column":4}},{"start":{"line":130,"column":4},"end":{"line":130,"column":4}}]},"15":{"line":132,"type":"binary-expr","locations":[{"start":{"line":132,"column":14},"end":{"line":132,"column":35}},{"start":{"line":132,"column":41},"end":{"line":132,"column":62}}]},"16":{"line":134,"type":"binary-expr","locations":[{"start":{"line":134,"column":13},"end":{"line":134,"column":24}},{"start":{"line":134,"column":28},"end":{"line":134,"column":49}}]},"17":{"line":147,"type":"binary-expr","locations":[{"start":{"line":147,"column":9},"end":{"line":147,"column":24}},{"start":{"line":147,"column":28},"end":{"line":147,"column":59}}]},"18":{"line":152,"type":"if","locations":[{"start":{"line":152,"column":2},"end":{"line":152,"column":2}},{"start":{"line":152,"column":2},"end":{"line":152,"column":2}}]},"19":{"line":154,"type":"if","locations":[{"start":{"line":154,"column":4},"end":{"line":154,"column":4}},{"start":{"line":154,"column":4},"end":{"line":154,"column":4}}]},"20":{"line":168,"type":"if","locations":[{"start":{"line":168,"column":2},"end":{"line":168,"column":2}},{"start":{"line":168,"column":2},"end":{"line":168,"column":2}}]},"21":{"line":185,"type":"if","locations":[{"start":{"line":185,"column":2},"end":{"line":185,"column":2}},{"start":{"line":185,"column":2},"end":{"line":185,"column":2}}]},"22":{"line":188,"type":"if","locations":[{"start":{"line":188,"column":2},"end":{"line":188,"column":2}},{"start":{"line":188,"column":2},"end":{"line":188,"column":2}}]}},"l":{"21":1,"22":959,"23":1273,"24":1273,"25":1,"37":1,"38":1881,"39":2736,"40":578,"51":1,"52":1598,"61":1,"62":409,"73":1,"74":797,"75":797,"78":2,"89":1,"90":178,"91":178,"94":2,"95":1,"107":1,"108":978,"111":1,"114":1,"116":1452,"125":1,"126":5,"128":5,"130":4,"132":2,"134":2,"137":1,"146":1,"147":525,"151":1,"152":683,"153":683,"154":745,"156":683,"159":1,"167":1,"168":2,"169":1,"171":1,"172":1,"173":2,"175":1,"184":1,"185":11,"186":1,"188":11,"189":1,"191":11}},
"/Users/Mora/Workspace/node/elegant.def/src/compile.js":{"path":"/Users/Mora/Workspace/node/elegant.def/src/compile.js","s":{"1":1,"2":1,"3":24,"4":1,"5":18,"6":18,"7":18,"8":18,"9":24,"10":24,"11":24,"12":24,"13":0,"14":18,"15":56,"16":28,"17":28,"18":24,"19":24,"20":18,"21":18,"22":18,"23":1582,"24":24,"25":24,"26":24,"27":24,"28":2,"29":24,"30":24,"31":24,"32":18,"33":1,"34":9,"35":9,"36":12,"37":12,"38":12,"39":24,"40":21,"41":12,"42":10,"43":12,"44":4,"45":9,"46":9,"47":4,"48":12,"49":12,"50":9,"51":9,"52":1,"53":9,"54":9,"55":12,"56":12,"57":12,"58":12,"59":16,"60":23,"61":8,"62":23,"63":23,"64":3,"65":23,"66":23,"67":16,"68":21,"69":26,"70":12,"71":12,"72":12,"73":12,"74":9,"75":1},"b":{"1":[24,0],"2":[24,24],"3":[28,28],"4":[24,4],"5":[28,28],"6":[24,1558],"7":[1582,168,26,26],"8":[24,0],"9":[2,22],"10":[21,3],"11":[10,2],"12":[4,8],"13":[8,15],"14":[23,19],"15":[3,20]},"f":{"1":24,"2":18,"3":24,"4":56,"5":1582,"6":24,"7":9,"8":12,"9":24,"10":4,"11":12,"12":9,"13":12,"14":16,"15":23,"16":21,"17":26},"fnMap":{"1":{"name":"empty","line":15,"loc":{"start":{"line":15,"column":0},"end":{"line":15,"column":20}}},"2":{"name":"_getIndexedCfgArray","line":18,"loc":{"start":{"line":18,"column":0},"end":{"line":18,"column":53}}},"3":{"name":"(anonymous_3)","line":28,"loc":{"start":{"line":28,"column":19},"end":{"line":28,"column":35}}},"4":{"name":"(anonymous_4)","line":39,"loc":{"start":{"line":39,"column":29},"end":{"line":39,"column":47}}},"5":{"name":"(anonymous_5)","line":53,"loc":{"start":{"line":53,"column":22},"end":{"line":53,"column":37}}},"6":{"name":"(anonymous_6)","line":65,"loc":{"start":{"line":65,"column":59},"end":{"line":65,"column":72}}},"7":{"name":"compile","line":83,"loc":{"start":{"line":83,"column":0},"end":{"line":83,"column":33}}},"8":{"name":"(anonymous_8)","line":86,"loc":{"start":{"line":86,"column":24},"end":{"line":86,"column":39}}},"9":{"name":"(anonymous_9)","line":90,"loc":{"start":{"line":90,"column":42},"end":{"line":90,"column":54}}},"10":{"name":"(anonymous_10)","line":100,"loc":{"start":{"line":100,"column":28},"end":{"line":100,"column":43}}},"11":{"name":"(anonymous_11)","line":100,"loc":{"start":{"line":100,"column":81},"end":{"line":100,"column":94}}},"12":{"name":"(anonymous_12)","line":131,"loc":{"start":{"line":131,"column":14},"end":{"line":131,"column":38}}},"13":{"name":"(anonymous_13)","line":134,"loc":{"start":{"line":134,"column":24},"end":{"line":134,"column":40}}},"14":{"name":"(anonymous_14)","line":140,"loc":{"start":{"line":140,"column":28},"end":{"line":140,"column":43}}},"15":{"name":"(anonymous_15)","line":141,"loc":{"start":{"line":141,"column":41},"end":{"line":141,"column":53}}},"16":{"name":"(anonymous_16)","line":157,"loc":{"start":{"line":157,"column":31},"end":{"line":157,"column":46}}},"17":{"name":"(anonymous_17)","line":160,"loc":{"start":{"line":160,"column":31},"end":{"line":160,"column":47}}}},"statementMap":{"1":{"start":{"line":8,"column":0},"end":{"line":13,"column":37}},"2":{"start":{"line":15,"column":0},"end":{"line":15,"column":61}},"3":{"start":{"line":15,"column":22},"end":{"line":15,"column":59}},"4":{"start":{"line":18,"column":0},"end":{"line":73,"column":1}},"5":{"start":{"line":20,"column":2},"end":{"line":20,"column":44}},"6":{"start":{"line":22,"column":2},"end":{"line":22,"column":76}},"7":{"start":{"line":27,"column":2},"end":{"line":27,"column":16}},"8":{"start":{"line":28,"column":2},"end":{"line":36,"column":4}},"9":{"start":{"line":29,"column":4},"end":{"line":34,"column":5}},"10":{"start":{"line":30,"column":6},"end":{"line":30,"column":24}},"11":{"start":{"line":31,"column":6},"end":{"line":33,"column":7}},"12":{"start":{"line":32,"column":8},"end":{"line":32,"column":40}},"13":{"start":{"line":35,"column":4},"end":{"line":35,"column":17}},"14":{"start":{"line":39,"column":2},"end":{"line":49,"column":5}},"15":{"start":{"line":40,"column":4},"end":{"line":48,"column":5}},"16":{"start":{"line":41,"column":6},"end":{"line":41,"column":53}},"17":{"start":{"line":43,"column":6},"end":{"line":47,"column":7}},"18":{"start":{"line":44,"column":8},"end":{"line":44,"column":65}},"19":{"start":{"line":46,"column":8},"end":{"line":46,"column":52}},"20":{"start":{"line":50,"column":2},"end":{"line":50,"column":22}},"21":{"start":{"line":52,"column":2},"end":{"line":52,"column":19}},"22":{"start":{"line":53,"column":2},"end":{"line":70,"column":6}},"23":{"start":{"line":54,"column":4},"end":{"line":69,"column":5}},"24":{"start":{"line":60,"column":6},"end":{"line":60,"column":24}},"25":{"start":{"line":61,"column":6},"end":{"line":61,"column":52}},"26":{"start":{"line":62,"column":6},"end":{"line":68,"column":7}},"27":{"start":{"line":63,"column":8},"end":{"line":63,"column":80}},"28":{"start":{"line":63,"column":36},"end":{"line":63,"column":78}},"29":{"start":{"line":65,"column":8},"end":{"line":65,"column":93}},"30":{"start":{"line":65,"column":74},"end":{"line":65,"column":89}},"31":{"start":{"line":67,"column":8},"end":{"line":67,"column":93}},"32":{"start":{"line":72,"column":2},"end":{"line":72,"column":17}},"33":{"start":{"line":83,"column":0},"end":{"line":106,"column":1}},"34":{"start":{"line":84,"column":2},"end":{"line":84,"column":51}},"35":{"start":{"line":86,"column":2},"end":{"line":97,"column":5}},"36":{"start":{"line":87,"column":4},"end":{"line":87,"column":23}},"37":{"start":{"line":88,"column":4},"end":{"line":88,"column":51}},"38":{"start":{"line":90,"column":4},"end":{"line":92,"column":7}},"39":{"start":{"line":91,"column":6},"end":{"line":91,"column":43}},"40":{"start":{"line":91,"column":27},"end":{"line":91,"column":41}},"41":{"start":{"line":95,"column":4},"end":{"line":95,"column":48}},"42":{"start":{"line":95,"column":29},"end":{"line":95,"column":46}},"43":{"start":{"line":96,"column":4},"end":{"line":96,"column":56}},"44":{"start":{"line":96,"column":33},"end":{"line":96,"column":54}},"45":{"start":{"line":99,"column":2},"end":{"line":99,"column":24}},"46":{"start":{"line":100,"column":2},"end":{"line":103,"column":5}},"47":{"start":{"line":100,"column":45},"end":{"line":100,"column":76}},"48":{"start":{"line":101,"column":4},"end":{"line":101,"column":81}},"49":{"start":{"line":102,"column":4},"end":{"line":102,"column":22}},"50":{"start":{"line":104,"column":2},"end":{"line":104,"column":32}},"51":{"start":{"line":105,"column":2},"end":{"line":105,"column":22}},"52":{"start":{"line":131,"column":0},"end":{"line":172,"column":2}},"53":{"start":{"line":132,"column":2},"end":{"line":132,"column":57}},"54":{"start":{"line":134,"column":2},"end":{"line":169,"column":5}},"55":{"start":{"line":136,"column":4},"end":{"line":136,"column":23}},"56":{"start":{"line":137,"column":4},"end":{"line":137,"column":19}},"57":{"start":{"line":138,"column":4},"end":{"line":138,"column":20}},"58":{"start":{"line":140,"column":4},"end":{"line":163,"column":7}},"59":{"start":{"line":141,"column":6},"end":{"line":155,"column":9}},"60":{"start":{"line":142,"column":8},"end":{"line":144,"column":9}},"61":{"start":{"line":143,"column":10},"end":{"line":143,"column":38}},"62":{"start":{"line":146,"column":8},"end":{"line":146,"column":40}},"63":{"start":{"line":148,"column":8},"end":{"line":150,"column":9}},"64":{"start":{"line":149,"column":10},"end":{"line":149,"column":32}},"65":{"start":{"line":152,"column":8},"end":{"line":152,"column":22}},"66":{"start":{"line":154,"column":8},"end":{"line":154,"column":17}},"67":{"start":{"line":157,"column":6},"end":{"line":162,"column":9}},"68":{"start":{"line":158,"column":8},"end":{"line":161,"column":11}},"69":{"start":{"line":160,"column":49},"end":{"line":160,"column":70}},"70":{"start":{"line":165,"column":4},"end":{"line":165,"column":27}},"71":{"start":{"line":166,"column":4},"end":{"line":166,"column":25}},"72":{"start":{"line":167,"column":4},"end":{"line":167,"column":23}},"73":{"start":{"line":168,"column":4},"end":{"line":168,"column":33}},"74":{"start":{"line":171,"column":2},"end":{"line":171,"column":17}},"75":{"start":{"line":175,"column":0},"end":{"line":175,"column":25}}},"branchMap":{"1":{"line":31,"type":"if","locations":[{"start":{"line":31,"column":6},"end":{"line":31,"column":6}},{"start":{"line":31,"column":6},"end":{"line":31,"column":6}}]},"2":{"line":31,"type":"binary-expr","locations":[{"start":{"line":31,"column":10},"end":{"line":31,"column":26}},{"start":{"line":31,"column":30},"end":{"line":31,"column":46}}]},"3":{"line":40,"type":"if","locations":[{"start":{"line":40,"column":4},"end":{"line":40,"column":4}},{"start":{"line":40,"column":4},"end":{"line":40,"column":4}}]},"4":{"line":43,"type":"if","locations":[{"start":{"line":43,"column":6},"end":{"line":43,"column":6}},{"start":{"line":43,"column":6},"end":{"line":43,"column":6}}]},"5":{"line":43,"type":"binary-expr","locations":[{"start":{"line":43,"column":10},"end":{"line":43,"column":13}},{"start":{"line":43,"column":17},"end":{"line":43,"column":33}}]},"6":{"line":54,"type":"if","locations":[{"start":{"line":54,"column":4},"end":{"line":54,"column":4}},{"start":{"line":54,"column":4},"end":{"line":54,"column":4}}]},"7":{"line":55,"type":"binary-expr","locations":[{"start":{"line":55,"column":6},"end":{"line":55,"column":36}},{"start":{"line":56,"column":6},"end":{"line":56,"column":39}},{"start":{"line":57,"column":6},"end":{"line":57,"column":33}},{"start":{"line":58,"column":6},"end":{"line":58,"column":53}}]},"8":{"line":62,"type":"if","locations":[{"start":{"line":62,"column":6},"end":{"line":62,"column":6}},{"start":{"line":62,"column":6},"end":{"line":62,"column":6}}]},"9":{"line":63,"type":"if","locations":[{"start":{"line":63,"column":8},"end":{"line":63,"column":8}},{"start":{"line":63,"column":8},"end":{"line":63,"column":8}}]},"10":{"line":91,"type":"if","locations":[{"start":{"line":91,"column":6},"end":{"line":91,"column":6}},{"start":{"line":91,"column":6},"end":{"line":91,"column":6}}]},"11":{"line":95,"type":"if","locations":[{"start":{"line":95,"column":4},"end":{"line":95,"column":4}},{"start":{"line":95,"column":4},"end":{"line":95,"column":4}}]},"12":{"line":96,"type":"if","locations":[{"start":{"line":96,"column":4},"end":{"line":96,"column":4}},{"start":{"line":96,"column":4},"end":{"line":96,"column":4}}]},"13":{"line":142,"type":"if","locations":[{"start":{"line":142,"column":8},"end":{"line":142,"column":8}},{"start":{"line":142,"column":8},"end":{"line":142,"column":8}}]},"14":{"line":142,"type":"binary-expr","locations":[{"start":{"line":142,"column":12},"end":{"line":142,"column":25}},{"start":{"line":142,"column":30},"end":{"line":142,"column":51}}]},"15":{"line":148,"type":"if","locations":[{"start":{"line":148,"column":8},"end":{"line":148,"column":8}},{"start":{"line":148,"column":8},"end":{"line":148,"column":8}}]}},"l":{"8":1,"15":24,"18":1,"20":18,"22":18,"27":18,"28":18,"29":24,"30":24,"31":24,"32":24,"35":0,"39":18,"40":56,"41":28,"43":28,"44":24,"46":24,"50":18,"52":18,"53":18,"54":1582,"60":24,"61":24,"62":24,"63":24,"65":24,"67":24,"72":18,"83":1,"84":9,"86":9,"87":12,"88":12,"90":12,"91":24,"95":12,"96":12,"99":9,"100":9,"101":12,"102":12,"104":9,"105":9,"131":1,"132":9,"134":9,"136":12,"137":12,"138":12,"140":12,"141":16,"142":23,"143":8,"146":23,"148":23,"149":3,"152":23,"154":23,"157":16,"158":21,"160":26,"165":12,"166":12,"167":12,"168":12,"171":9,"175":1}},
"/Users/Mora/Workspace/node/elegant.def/src/lib/heredoc.js":{"path":"/Users/Mora/Workspace/node/elegant.def/src/lib/heredoc.js","s":{"1":1,"2":1,"3":1,"4":1,"5":1,"6":55,"7":55,"8":1,"9":100,"10":69,"11":100,"12":55,"13":100,"14":49,"15":51,"16":100,"17":100,"18":55,"19":49,"20":55,"21":55,"22":1,"23":87,"24":6,"25":6,"26":1,"27":55,"28":55,"29":55,"30":110,"31":55,"32":55,"33":55,"34":55,"35":6,"36":6,"37":6,"38":55,"39":14,"40":14,"41":55,"42":1,"43":1,"44":31,"45":31,"46":1,"47":29,"48":29,"49":29,"50":29,"51":29,"52":1},"b":{"1":[69,31],"2":[49,51],"3":[49,6],"4":[11,99],"5":[55,12],"6":[55,49],"7":[3,52],"8":[55,52],"9":[6,6],"10":[14,41],"11":[14,13],"12":[31,3],"13":[22,7]},"f":{"1":55,"2":100,"3":100,"4":87,"5":6,"6":55,"7":110,"8":6,"9":31,"10":29},"fnMap":{"1":{"name":"getTags","line":19,"loc":{"start":{"line":19,"column":0},"end":{"line":19,"column":29}}},"2":{"name":"addTag","line":25,"loc":{"start":{"line":25,"column":2},"end":{"line":25,"column":28}}},"3":{"name":"(anonymous_3)","line":30,"loc":{"start":{"line":30,"column":31},"end":{"line":30,"column":57}}},"4":{"name":"(anonymous_4)","line":51,"loc":{"start":{"line":51,"column":17},"end":{"line":51,"column":32}}},"5":{"name":"(anonymous_5)","line":52,"loc":{"start":{"line":52,"column":15},"end":{"line":52,"column":29}}},"6":{"name":"(anonymous_6)","line":62,"loc":{"start":{"line":62,"column":16},"end":{"line":62,"column":46}}},"7":{"name":"(anonymous_7)","line":67,"loc":{"start":{"line":67,"column":40},"end":{"line":67,"column":52}}},"8":{"name":"(anonymous_8)","line":75,"loc":{"start":{"line":75,"column":43},"end":{"line":75,"column":58}}},"9":{"name":"(anonymous_9)","line":99,"loc":{"start":{"line":99,"column":22},"end":{"line":99,"column":35}}},"10":{"name":"(anonymous_10)","line":107,"loc":{"start":{"line":107,"column":20},"end":{"line":107,"column":33}}}},"statementMap":{"1":{"start":{"line":5,"column":0},"end":{"line":5,"column":31}},"2":{"start":{"line":6,"column":0},"end":{"line":6,"column":29}},"3":{"start":{"line":8,"column":0},"end":{"line":8,"column":17}},"4":{"start":{"line":10,"column":0},"end":{"line":11,"column":35}},"5":{"start":{"line":19,"column":0},"end":{"line":48,"column":1}},"6":{"start":{"line":21,"column":2},"end":{"line":21,"column":53}},"7":{"start":{"line":23,"column":2},"end":{"line":23,"column":46}},"8":{"start":{"line":25,"column":2},"end":{"line":28,"column":3}},"9":{"start":{"line":26,"column":4},"end":{"line":26,"column":43}},"10":{"start":{"line":26,"column":26},"end":{"line":26,"column":41}},"11":{"start":{"line":27,"column":4},"end":{"line":27,"column":35}},"12":{"start":{"line":30,"column":2},"end":{"line":39,"column":5}},"13":{"start":{"line":31,"column":4},"end":{"line":35,"column":5}},"14":{"start":{"line":32,"column":6},"end":{"line":32,"column":59}},"15":{"start":{"line":34,"column":6},"end":{"line":34,"column":57}},"16":{"start":{"line":37,"column":4},"end":{"line":37,"column":17}},"17":{"start":{"line":38,"column":4},"end":{"line":38,"column":31}},"18":{"start":{"line":41,"column":2},"end":{"line":43,"column":3}},"19":{"start":{"line":42,"column":4},"end":{"line":42,"column":45}},"20":{"start":{"line":45,"column":2},"end":{"line":45,"column":19}},"21":{"start":{"line":47,"column":2},"end":{"line":47,"column":14}},"22":{"start":{"line":51,"column":0},"end":{"line":52,"column":71}},"23":{"start":{"line":51,"column":34},"end":{"line":51,"column":70}},"24":{"start":{"line":52,"column":31},"end":{"line":52,"column":50}},"25":{"start":{"line":52,"column":51},"end":{"line":52,"column":68}},"26":{"start":{"line":62,"column":0},"end":{"line":88,"column":2}},"27":{"start":{"line":64,"column":2},"end":{"line":64,"column":33}},"28":{"start":{"line":65,"column":2},"end":{"line":65,"column":18}},"29":{"start":{"line":67,"column":2},"end":{"line":69,"column":5}},"30":{"start":{"line":68,"column":4},"end":{"line":68,"column":86}},"31":{"start":{"line":71,"column":2},"end":{"line":71,"column":82}},"32":{"start":{"line":72,"column":2},"end":{"line":72,"column":103}},"33":{"start":{"line":74,"column":2},"end":{"line":74,"column":15}},"34":{"start":{"line":75,"column":2},"end":{"line":79,"column":5}},"35":{"start":{"line":76,"column":4},"end":{"line":76,"column":29}},"36":{"start":{"line":77,"column":4},"end":{"line":77,"column":21}},"37":{"start":{"line":78,"column":4},"end":{"line":78,"column":27}},"38":{"start":{"line":82,"column":2},"end":{"line":85,"column":3}},"39":{"start":{"line":83,"column":4},"end":{"line":83,"column":41}},"40":{"start":{"line":84,"column":4},"end":{"line":84,"column":28}},"41":{"start":{"line":87,"column":2},"end":{"line":87,"column":16}},"42":{"start":{"line":90,"column":0},"end":{"line":91,"column":40}},"43":{"start":{"line":99,"column":0},"end":{"line":102,"column":2}},"44":{"start":{"line":100,"column":2},"end":{"line":100,"column":28}},"45":{"start":{"line":101,"column":2},"end":{"line":101,"column":28}},"46":{"start":{"line":107,"column":0},"end":{"line":114,"column":2}},"47":{"start":{"line":108,"column":2},"end":{"line":108,"column":27}},"48":{"start":{"line":109,"column":2},"end":{"line":109,"column":34}},"49":{"start":{"line":110,"column":2},"end":{"line":110,"column":23}},"50":{"start":{"line":112,"column":2},"end":{"line":112,"column":43}},"51":{"start":{"line":113,"column":2},"end":{"line":113,"column":39}},"52":{"start":{"line":117,"column":0},"end":{"line":117,"column":25}}},"branchMap":{"1":{"line":26,"type":"if","locations":[{"start":{"line":26,"column":4},"end":{"line":26,"column":4}},{"start":{"line":26,"column":4},"end":{"line":26,"column":4}}]},"2":{"line":31,"type":"if","locations":[{"start":{"line":31,"column":4},"end":{"line":31,"column":4}},{"start":{"line":31,"column":4},"end":{"line":31,"column":4}}]},"3":{"line":41,"type":"if","locations":[{"start":{"line":41,"column":2},"end":{"line":41,"column":2}},{"start":{"line":41,"column":2},"end":{"line":41,"column":2}}]},"4":{"line":68,"type":"cond-expr","locations":[{"start":{"line":68,"column":26},"end":{"line":68,"column":80}},{"start":{"line":68,"column":83},"end":{"line":68,"column":85}}]},"5":{"line":71,"type":"binary-expr","locations":[{"start":{"line":71,"column":27},"end":{"line":71,"column":37}},{"start":{"line":71,"column":41},"end":{"line":71,"column":43}}]},"6":{"line":71,"type":"binary-expr","locations":[{"start":{"line":71,"column":52},"end":{"line":71,"column":61}},{"start":{"line":71,"column":65},"end":{"line":71,"column":67}}]},"7":{"line":72,"type":"cond-expr","locations":[{"start":{"line":72,"column":39},"end":{"line":72,"column":56}},{"start":{"line":72,"column":59},"end":{"line":72,"column":61}}]},"8":{"line":72,"type":"binary-expr","locations":[{"start":{"line":72,"column":71},"end":{"line":72,"column":81}},{"start":{"line":72,"column":85},"end":{"line":72,"column":87}}]},"9":{"line":78,"type":"binary-expr","locations":[{"start":{"line":78,"column":11},"end":{"line":78,"column":15}},{"start":{"line":78,"column":19},"end":{"line":78,"column":26}}]},"10":{"line":82,"type":"if","locations":[{"start":{"line":82,"column":2},"end":{"line":82,"column":2}},{"start":{"line":82,"column":2},"end":{"line":82,"column":2}}]},"11":{"line":83,"type":"binary-expr","locations":[{"start":{"line":83,"column":22},"end":{"line":83,"column":34}},{"start":{"line":83,"column":38},"end":{"line":83,"column":40}}]},"12":{"line":101,"type":"binary-expr","locations":[{"start":{"line":101,"column":9},"end":{"line":101,"column":18}},{"start":{"line":101,"column":22},"end":{"line":101,"column":27}}]},"13":{"line":112,"type":"cond-expr","locations":[{"start":{"line":112,"column":16},"end":{"line":112,"column":37}},{"start":{"line":112,"column":40},"end":{"line":112,"column":42}}]}},"l":{"5":1,"6":1,"8":1,"10":1,"19":1,"21":55,"23":55,"25":1,"26":100,"27":100,"30":55,"31":100,"32":49,"34":51,"37":100,"38":100,"41":55,"42":49,"45":55,"47":55,"51":87,"52":6,"62":1,"64":55,"65":55,"67":55,"68":110,"71":55,"72":55,"74":55,"75":55,"76":6,"77":6,"78":6,"82":55,"83":14,"84":14,"87":55,"90":1,"99":1,"100":31,"101":31,"107":1,"108":29,"109":29,"110":29,"112":29,"113":29,"117":1}},
"/Users/Mora/Workspace/node/elegant.def/src/lib/rule.js":{"path":"/Users/Mora/Workspace/node/elegant.def/src/lib/rule.js","s":{"1":1,"2":1,"3":1,"4":1,"5":1,"6":1,"7":1,"8":1,"9":1,"10":1,"11":162,"12":36,"13":126,"14":126,"15":83,"16":43,"17":30,"18":30,"19":127,"20":127,"21":12,"22":115,"23":42,"24":30,"25":30,"26":12,"27":13,"28":1,"29":90,"30":90,"31":264,"32":264,"33":30,"34":264,"35":29,"36":90,"37":1,"38":153,"39":1,"40":25,"41":25,"42":7,"43":25,"44":1,"45":93,"46":93,"47":152,"48":152,"49":10,"50":142,"51":142,"52":142,"53":8,"54":8,"55":134,"56":142,"57":142,"58":142,"59":9,"60":9,"61":9,"62":9,"63":133,"64":142,"65":142,"66":142,"67":73,"68":73,"69":73,"70":69,"71":26,"72":26,"73":26,"74":4,"75":22,"76":7,"77":15,"78":68,"79":68,"80":68,"81":9,"82":92,"83":1,"84":95,"85":2,"86":93,"87":93,"88":93,"89":93,"90":1,"91":92,"92":92,"93":141,"94":1,"95":140,"96":140,"97":25,"98":25,"99":25,"100":0,"101":25,"102":1,"103":90,"104":90,"105":90,"106":1,"107":89,"108":119,"109":119,"110":24,"111":95,"112":89,"113":1,"114":17,"115":25,"116":25,"117":3,"118":25,"119":5,"120":25,"121":17,"122":1,"123":47,"124":47,"125":74,"126":98,"127":125,"128":125,"129":98,"130":98,"131":98,"132":74,"133":1},"b":{"1":[36,126],"2":[83,43],"3":[30,13],"4":[12,115],"5":[42,73],"6":[30,12],"7":[30,234],"8":[29,235],"9":[7,18],"10":[25,7],"11":[10,142],"12":[8,134],"13":[9,133],"14":[26,43],"15":[4,22],"16":[7,15],"17":[9,59],"18":[2,93],"19":[1,140],"20":[25,115],"21":[1,24],"22":[1,89],"23":[24,95],"24":[3,22],"25":[5,20],"26":[9,116]},"f":{"1":162,"2":90,"3":153,"4":25,"5":93,"6":152,"7":73,"8":95,"9":141,"10":119,"11":17,"12":25,"13":47,"14":74,"15":98,"16":125},"fnMap":{"1":{"name":"consume","line":29,"loc":{"start":{"line":29,"column":0},"end":{"line":29,"column":35}}},"2":{"name":"isBracketsPaired","line":64,"loc":{"start":{"line":64,"column":0},"end":{"line":64,"column":31}}},"3":{"name":"toInt","line":74,"loc":{"start":{"line":74,"column":0},"end":{"line":74,"column":20}}},"4":{"name":"parseVal","line":76,"loc":{"start":{"line":76,"column":0},"end":{"line":76,"column":23}}},"5":{"name":"_parseRuleArgs","line":86,"loc":{"start":{"line":86,"column":0},"end":{"line":86,"column":30}}},"6":{"name":"(anonymous_6)","line":89,"loc":{"start":{"line":89,"column":13},"end":{"line":89,"column":27}}},"7":{"name":"(anonymous_7)","line":120,"loc":{"start":{"line":120,"column":39},"end":{"line":120,"column":54}}},"8":{"name":"(anonymous_8)","line":156,"loc":{"start":{"line":156,"column":13},"end":{"line":156,"column":28}}},"9":{"name":"(anonymous_9)","line":179,"loc":{"start":{"line":179,"column":34},"end":{"line":179,"column":50}}},"10":{"name":"(anonymous_10)","line":207,"loc":{"start":{"line":207,"column":20},"end":{"line":207,"column":32}}},"11":{"name":"(anonymous_11)","line":225,"loc":{"start":{"line":225,"column":16},"end":{"line":225,"column":37}}},"12":{"name":"(anonymous_12)","line":226,"loc":{"start":{"line":226,"column":43},"end":{"line":226,"column":59}}},"13":{"name":"(anonymous_13)","line":239,"loc":{"start":{"line":239,"column":14},"end":{"line":239,"column":30}}},"14":{"name":"(anonymous_14)","line":241,"loc":{"start":{"line":241,"column":28},"end":{"line":241,"column":43}}},"15":{"name":"(anonymous_15)","line":243,"loc":{"start":{"line":243,"column":41},"end":{"line":243,"column":56}}},"16":{"name":"(anonymous_16)","line":244,"loc":{"start":{"line":244,"column":31},"end":{"line":244,"column":47}}}},"statementMap":{"1":{"start":{"line":5,"column":0},"end":{"line":5,"column":29}},"2":{"start":{"line":6,"column":0},"end":{"line":6,"column":29}},"3":{"start":{"line":7,"column":0},"end":{"line":7,"column":42}},"4":{"start":{"line":8,"column":0},"end":{"line":8,"column":31}},"5":{"start":{"line":9,"column":0},"end":{"line":9,"column":28}},"6":{"start":{"line":10,"column":0},"end":{"line":10,"column":14}},"7":{"start":{"line":12,"column":0},"end":{"line":12,"column":44}},"8":{"start":{"line":15,"column":0},"end":{"line":15,"column":25}},"9":{"start":{"line":17,"column":0},"end":{"line":17,"column":29}},"10":{"start":{"line":29,"column":0},"end":{"line":55,"column":1}},"11":{"start":{"line":30,"column":2},"end":{"line":30,"column":41}},"12":{"start":{"line":30,"column":21},"end":{"line":30,"column":39}},"13":{"start":{"line":32,"column":2},"end":{"line":32,"column":32}},"14":{"start":{"line":33,"column":2},"end":{"line":54,"column":3}},"15":{"start":{"line":34,"column":4},"end":{"line":34,"column":29}},"16":{"start":{"line":36,"column":9},"end":{"line":54,"column":3}},"17":{"start":{"line":37,"column":4},"end":{"line":37,"column":24}},"18":{"start":{"line":38,"column":4},"end":{"line":50,"column":5}},"19":{"start":{"line":39,"column":6},"end":{"line":39,"column":25}},"20":{"start":{"line":40,"column":6},"end":{"line":49,"column":7}},"21":{"start":{"line":41,"column":8},"end":{"line":41,"column":16}},"22":{"start":{"line":42,"column":13},"end":{"line":49,"column":7}},"23":{"start":{"line":43,"column":8},"end":{"line":48,"column":9}},"24":{"start":{"line":44,"column":10},"end":{"line":44,"column":50}},"25":{"start":{"line":45,"column":10},"end":{"line":45,"column":81}},"26":{"start":{"line":47,"column":10},"end":{"line":47,"column":18}},"27":{"start":{"line":53,"column":4},"end":{"line":53,"column":71}},"28":{"start":{"line":64,"column":0},"end":{"line":72,"column":1}},"29":{"start":{"line":65,"column":2},"end":{"line":65,"column":22}},"30":{"start":{"line":66,"column":2},"end":{"line":70,"column":3}},"31":{"start":{"line":67,"column":4},"end":{"line":67,"column":22}},"32":{"start":{"line":68,"column":4},"end":{"line":68,"column":31}},"33":{"start":{"line":68,"column":21},"end":{"line":68,"column":29}},"34":{"start":{"line":69,"column":4},"end":{"line":69,"column":31}},"35":{"start":{"line":69,"column":21},"end":{"line":69,"column":29}},"36":{"start":{"line":71,"column":2},"end":{"line":71,"column":21}},"37":{"start":{"line":74,"column":0},"end":{"line":74,"column":49}},"38":{"start":{"line":74,"column":22},"end":{"line":74,"column":47}},"39":{"start":{"line":76,"column":0},"end":{"line":82,"column":1}},"40":{"start":{"line":77,"column":2},"end":{"line":77,"column":19}},"41":{"start":{"line":78,"column":2},"end":{"line":80,"column":3}},"42":{"start":{"line":79,"column":4},"end":{"line":79,"column":40}},"43":{"start":{"line":81,"column":2},"end":{"line":81,"column":21}},"44":{"start":{"line":86,"column":0},"end":{"line":147,"column":1}},"45":{"start":{"line":87,"column":2},"end":{"line":87,"column":39}},"46":{"start":{"line":89,"column":2},"end":{"line":144,"column":5}},"47":{"start":{"line":91,"column":4},"end":{"line":91,"column":17}},"48":{"start":{"line":92,"column":4},"end":{"line":92,"column":30}},"49":{"start":{"line":92,"column":22},"end":{"line":92,"column":28}},"50":{"start":{"line":94,"column":4},"end":{"line":94,"column":19}},"51":{"start":{"line":96,"column":4},"end":{"line":96,"column":41}},"52":{"start":{"line":98,"column":4},"end":{"line":103,"column":5}},"53":{"start":{"line":99,"column":6},"end":{"line":99,"column":23}},"54":{"start":{"line":100,"column":6},"end":{"line":100,"column":21}},"55":{"start":{"line":102,"column":6},"end":{"line":102,"column":51}},"56":{"start":{"line":105,"column":4},"end":{"line":105,"column":20}},"57":{"start":{"line":106,"column":4},"end":{"line":106,"column":17}},"58":{"start":{"line":108,"column":4},"end":{"line":115,"column":5}},"59":{"start":{"line":109,"column":6},"end":{"line":109,"column":21}},"60":{"start":{"line":110,"column":6},"end":{"line":110,"column":21}},"61":{"start":{"line":111,"column":6},"end":{"line":111,"column":21}},"62":{"start":{"line":112,"column":6},"end":{"line":112,"column":21}},"63":{"start":{"line":114,"column":6},"end":{"line":114,"column":21}},"64":{"start":{"line":116,"column":4},"end":{"line":116,"column":32}},"65":{"start":{"line":118,"column":4},"end":{"line":118,"column":19}},"66":{"start":{"line":120,"column":4},"end":{"line":123,"column":7}},"67":{"start":{"line":121,"column":6},"end":{"line":121,"column":18}},"68":{"start":{"line":122,"column":6},"end":{"line":122,"column":25}},"69":{"start":{"line":122,"column":26},"end":{"line":122,"column":32}},"70":{"start":{"line":125,"column":4},"end":{"line":135,"column":5}},"71":{"start":{"line":126,"column":6},"end":{"line":126,"column":21}},"72":{"start":{"line":127,"column":6},"end":{"line":127,"column":19}},"73":{"start":{"line":128,"column":6},"end":{"line":134,"column":7}},"74":{"start":{"line":129,"column":8},"end":{"line":129,"column":37}},"75":{"start":{"line":130,"column":13},"end":{"line":134,"column":7}},"76":{"start":{"line":131,"column":8},"end":{"line":131,"column":44}},"77":{"start":{"line":133,"column":8},"end":{"line":133,"column":53}},"78":{"start":{"line":137,"column":4},"end":{"line":137,"column":23}},"79":{"start":{"line":139,"column":4},"end":{"line":139,"column":34}},"80":{"start":{"line":141,"column":4},"end":{"line":143,"column":5}},"81":{"start":{"line":142,"column":6},"end":{"line":142,"column":12}},"82":{"start":{"line":146,"column":2},"end":{"line":146,"column":36}},"83":{"start":{"line":156,"column":0},"end":{"line":217,"column":2}},"84":{"start":{"line":158,"column":2},"end":{"line":160,"column":3}},"85":{"start":{"line":159,"column":4},"end":{"line":159,"column":64}},"86":{"start":{"line":162,"column":2},"end":{"line":163,"column":36}},"87":{"start":{"line":165,"column":2},"end":{"line":168,"column":4}},"88":{"start":{"line":172,"column":2},"end":{"line":176,"column":3}},"89":{"start":{"line":173,"column":4},"end":{"line":173,"column":38}},"90":{"start":{"line":175,"column":4},"end":{"line":175,"column":59}},"91":{"start":{"line":178,"column":2},"end":{"line":178,"column":24}},"92":{"start":{"line":179,"column":2},"end":{"line":196,"column":5}},"93":{"start":{"line":180,"column":4},"end":{"line":180,"column":83}},"94":{"start":{"line":180,"column":29},"end":{"line":180,"column":81}},"95":{"start":{"line":181,"column":4},"end":{"line":181,"column":29}},"96":{"start":{"line":183,"column":4},"end":{"line":195,"column":5}},"97":{"start":{"line":184,"column":6},"end":{"line":184,"column":44}},"98":{"start":{"line":186,"column":6},"end":{"line":190,"column":7}},"99":{"start":{"line":187,"column":8},"end":{"line":187,"column":40}},"100":{"start":{"line":189,"column":8},"end":{"line":189,"column":93}},"101":{"start":{"line":192,"column":6},"end":{"line":194,"column":7}},"102":{"start":{"line":193,"column":8},"end":{"line":193,"column":81}},"103":{"start":{"line":198,"column":2},"end":{"line":198,"column":36}},"104":{"start":{"line":201,"column":2},"end":{"line":201,"column":36}},"105":{"start":{"line":204,"column":2},"end":{"line":204,"column":100}},"106":{"start":{"line":204,"column":33},"end":{"line":204,"column":98}},"107":{"start":{"line":207,"column":2},"end":{"line":214,"column":5}},"108":{"start":{"line":208,"column":4},"end":{"line":208,"column":21}},"109":{"start":{"line":209,"column":4},"end":{"line":213,"column":5}},"110":{"start":{"line":210,"column":6},"end":{"line":210,"column":21}},"111":{"start":{"line":212,"column":6},"end":{"line":212,"column":50}},"112":{"start":{"line":216,"column":2},"end":{"line":216,"column":16}},"113":{"start":{"line":225,"column":0},"end":{"line":233,"column":2}},"114":{"start":{"line":226,"column":2},"end":{"line":231,"column":5}},"115":{"start":{"line":227,"column":4},"end":{"line":227,"column":38}},"116":{"start":{"line":228,"column":4},"end":{"line":228,"column":48}},"117":{"start":{"line":228,"column":22},"end":{"line":228,"column":46}},"118":{"start":{"line":229,"column":4},"end":{"line":229,"column":48}},"119":{"start":{"line":229,"column":26},"end":{"line":229,"column":46}},"120":{"start":{"line":230,"column":4},"end":{"line":230,"column":15}},"121":{"start":{"line":232,"column":2},"end":{"line":232,"column":59}},"122":{"start":{"line":239,"column":0},"end":{"line":260,"column":2}},"123":{"start":{"line":240,"column":2},"end":{"line":240,"column":17}},"124":{"start":{"line":241,"column":2},"end":{"line":259,"column":5}},"125":{"start":{"line":243,"column":4},"end":{"line":254,"column":7}},"126":{"start":{"line":244,"column":6},"end":{"line":247,"column":19}},"127":{"start":{"line":245,"column":8},"end":{"line":245,"column":39}},"128":{"start":{"line":246,"column":8},"end":{"line":246,"column":54}},"129":{"start":{"line":249,"column":6},"end":{"line":249,"column":32}},"130":{"start":{"line":251,"column":6},"end":{"line":251,"column":24}},"131":{"start":{"line":253,"column":6},"end":{"line":253,"column":21}},"132":{"start":{"line":257,"column":4},"end":{"line":257,"column":33}},"133":{"start":{"line":263,"column":0},"end":{"line":263,"column":22}}},"branchMap":{"1":{"line":30,"type":"if","locations":[{"start":{"line":30,"column":2},"end":{"line":30,"column":2}},{"start":{"line":30,"column":2},"end":{"line":30,"column":2}}]},"2":{"line":33,"type":"if","locations":[{"start":{"line":33,"column":2},"end":{"line":33,"column":2}},{"start":{"line":33,"column":2},"end":{"line":33,"column":2}}]},"3":{"line":36,"type":"if","locations":[{"start":{"line":36,"column":9},"end":{"line":36,"column":9}},{"start":{"line":36,"column":9},"end":{"line":36,"column":9}}]},"4":{"line":40,"type":"if","locations":[{"start":{"line":40,"column":6},"end":{"line":40,"column":6}},{"start":{"line":40,"column":6},"end":{"line":40,"column":6}}]},"5":{"line":42,"type":"if","locations":[{"start":{"line":42,"column":13},"end":{"line":42,"column":13}},{"start":{"line":42,"column":13},"end":{"line":42,"column":13}}]},"6":{"line":43,"type":"if","locations":[{"start":{"line":43,"column":8},"end":{"line":43,"column":8}},{"start":{"line":43,"column":8},"end":{"line":43,"column":8}}]},"7":{"line":68,"type":"if","locations":[{"start":{"line":68,"column":4},"end":{"line":68,"column":4}},{"start":{"line":68,"column":4},"end":{"line":68,"column":4}}]},"8":{"line":69,"type":"if","locations":[{"start":{"line":69,"column":4},"end":{"line":69,"column":4}},{"start":{"line":69,"column":4},"end":{"line":69,"column":4}}]},"9":{"line":78,"type":"if","locations":[{"start":{"line":78,"column":2},"end":{"line":78,"column":2}},{"start":{"line":78,"column":2},"end":{"line":78,"column":2}}]},"10":{"line":78,"type":"binary-expr","locations":[{"start":{"line":78,"column":6},"end":{"line":78,"column":27}},{"start":{"line":78,"column":31},"end":{"line":78,"column":65}}]},"11":{"line":92,"type":"if","locations":[{"start":{"line":92,"column":4},"end":{"line":92,"column":4}},{"start":{"line":92,"column":4},"end":{"line":92,"column":4}}]},"12":{"line":98,"type":"if","locations":[{"start":{"line":98,"column":4},"end":{"line":98,"column":4}},{"start":{"line":98,"column":4},"end":{"line":98,"column":4}}]},"13":{"line":108,"type":"if","locations":[{"start":{"line":108,"column":4},"end":{"line":108,"column":4}},{"start":{"line":108,"column":4},"end":{"line":108,"column":4}}]},"14":{"line":125,"type":"if","locations":[{"start":{"line":125,"column":4},"end":{"line":125,"column":4}},{"start":{"line":125,"column":4},"end":{"line":125,"column":4}}]},"15":{"line":128,"type":"if","locations":[{"start":{"line":128,"column":6},"end":{"line":128,"column":6}},{"start":{"line":128,"column":6},"end":{"line":128,"column":6}}]},"16":{"line":130,"type":"if","locations":[{"start":{"line":130,"column":13},"end":{"line":130,"column":13}},{"start":{"line":130,"column":13},"end":{"line":130,"column":13}}]},"17":{"line":141,"type":"if","locations":[{"start":{"line":141,"column":4},"end":{"line":141,"column":4}},{"start":{"line":141,"column":4},"end":{"line":141,"column":4}}]},"18":{"line":158,"type":"if","locations":[{"start":{"line":158,"column":2},"end":{"line":158,"column":2}},{"start":{"line":158,"column":2},"end":{"line":158,"column":2}}]},"19":{"line":180,"type":"if","locations":[{"start":{"line":180,"column":4},"end":{"line":180,"column":4}},{"start":{"line":180,"column":4},"end":{"line":180,"column":4}}]},"20":{"line":183,"type":"if","locations":[{"start":{"line":183,"column":4},"end":{"line":183,"column":4}},{"start":{"line":183,"column":4},"end":{"line":183,"column":4}}]},"21":{"line":192,"type":"if","locations":[{"start":{"line":192,"column":6},"end":{"line":192,"column":6}},{"start":{"line":192,"column":6},"end":{"line":192,"column":6}}]},"22":{"line":204,"type":"if","locations":[{"start":{"line":204,"column":2},"end":{"line":204,"column":2}},{"start":{"line":204,"column":2},"end":{"line":204,"column":2}}]},"23":{"line":209,"type":"if","locations":[{"start":{"line":209,"column":4},"end":{"line":209,"column":4}},{"start":{"line":209,"column":4},"end":{"line":209,"column":4}}]},"24":{"line":228,"type":"if","locations":[{"start":{"line":228,"column":4},"end":{"line":228,"column":4}},{"start":{"line":228,"column":4},"end":{"line":228,"column":4}}]},"25":{"line":229,"type":"if","locations":[{"start":{"line":229,"column":4},"end":{"line":229,"column":4}},{"start":{"line":229,"column":4},"end":{"line":229,"column":4}}]},"26":{"line":246,"type":"cond-expr","locations":[{"start":{"line":246,"column":29},"end":{"line":246,"column":34}},{"start":{"line":246,"column":37},"end":{"line":246,"column":39}}]}},"l":{"5":1,"6":1,"7":1,"8":1,"9":1,"10":1,"12":1,"15":1,"17":1,"29":1,"30":162,"32":126,"33":126,"34":83,"36":43,"37":30,"38":30,"39":127,"40":127,"41":12,"42":115,"43":42,"44":30,"45":30,"47":12,"53":13,"64":1,"65":90,"66":90,"67":264,"68":264,"69":264,"71":90,"74":153,"76":1,"77":25,"78":25,"79":7,"81":25,"86":1,"87":93,"89":93,"91":152,"92":152,"94":142,"96":142,"98":142,"99":8,"100":8,"102":134,"105":142,"106":142,"108":142,"109":9,"110":9,"111":9,"112":9,"114":133,"116":142,"118":142,"120":142,"121":73,"122":73,"125":69,"126":26,"127":26,"128":26,"129":4,"130":22,"131":7,"133":15,"137":68,"139":68,"141":68,"142":9,"146":92,"156":1,"158":95,"159":2,"162":93,"165":93,"172":93,"173":93,"175":1,"178":92,"179":92,"180":141,"181":140,"183":140,"184":25,"186":25,"187":25,"189":0,"192":25,"193":1,"198":90,"201":90,"204":90,"207":89,"208":119,"209":119,"210":24,"212":95,"216":89,"225":1,"226":17,"227":25,"228":25,"229":25,"230":25,"232":17,"239":1,"240":47,"241":47,"243":74,"244":98,"245":125,"246":125,"249":98,"251":98,"253":98,"257":74,"263":1}},
"/Users/Mora/Workspace/node/elegant.def/src/lib/type.js":{"path":"/Users/Mora/Workspace/node/elegant.def/src/lib/type.js","s":{"1":1,"2":1,"3":1,"4":1,"5":1,"6":871,"7":871,"8":1,"9":714,"10":714,"11":27,"12":516,"13":22,"14":16,"15":2,"16":4,"17":3,"18":124,"19":1,"20":17,"21":1,"22":1,"23":720,"24":720,"25":1,"26":719,"27":1,"28":14,"29":1,"30":7,"31":7,"32":1,"33":6,"34":3,"35":6,"36":1,"37":7,"38":7,"39":1,"40":6,"41":1,"42":1},"b":{"1":[3,868],"2":[27,516,22,16,2,4,3,124],"3":[2,2],"4":[4,4],"5":[3,3],"6":[1,719],"7":[1,6],"8":[3,3],"9":[6,3,1],"10":[1,6]},"f":{"1":871,"2":714,"3":17,"4":720,"5":14,"6":7,"7":7},"fnMap":{"1":{"name":"normalize","line":19,"loc":{"start":{"line":19,"column":0},"end":{"line":19,"column":25}}},"2":{"name":"is","line":24,"loc":{"start":{"line":24,"column":0},"end":{"line":24,"column":23}}},"3":{"name":"(anonymous_3)","line":55,"loc":{"start":{"line":55,"column":62},"end":{"line":55,"column":77}}},"4":{"name":"(anonymous_4)","line":65,"loc":{"start":{"line":65,"column":10},"end":{"line":65,"column":30}}},"5":{"name":"(anonymous_5)","line":80,"loc":{"start":{"line":80,"column":11},"end":{"line":80,"column":26}}},"6":{"name":"(anonymous_6)","line":89,"loc":{"start":{"line":89,"column":12},"end":{"line":89,"column":31}}},"7":{"name":"(anonymous_7)","line":107,"loc":{"start":{"line":107,"column":14},"end":{"line":107,"column":29}}}},"statementMap":{"1":{"start":{"line":5,"column":0},"end":{"line":5,"column":29}},"2":{"start":{"line":7,"column":0},"end":{"line":7,"column":14}},"3":{"start":{"line":9,"column":0},"end":{"line":9,"column":25}},"4":{"start":{"line":11,"column":0},"end":{"line":17,"column":4}},"5":{"start":{"line":19,"column":0},"end":{"line":22,"column":1}},"6":{"start":{"line":20,"column":2},"end":{"line":20,"column":28}},"7":{"start":{"line":21,"column":2},"end":{"line":21,"column":58}},"8":{"start":{"line":24,"column":0},"end":{"line":53,"column":1}},"9":{"start":{"line":25,"column":2},"end":{"line":25,"column":25}},"10":{"start":{"line":26,"column":2},"end":{"line":52,"column":3}},"11":{"start":{"line":28,"column":6},"end":{"line":28,"column":18}},"12":{"start":{"line":30,"column":6},"end":{"line":30,"column":29}},"13":{"start":{"line":32,"column":6},"end":{"line":32,"column":44}},"14":{"start":{"line":34,"column":6},"end":{"line":34,"column":32}},"15":{"start":{"line":36,"column":6},"end":{"line":36,"column":41}},"16":{"start":{"line":38,"column":6},"end":{"line":38,"column":40}},"17":{"start":{"line":40,"column":6},"end":{"line":40,"column":40}},"18":{"start":{"line":51,"column":6},"end":{"line":51,"column":39}},"19":{"start":{"line":55,"column":0},"end":{"line":55,"column":97}},"20":{"start":{"line":55,"column":79},"end":{"line":55,"column":93}},"21":{"start":{"line":57,"column":0},"end":{"line":57,"column":27}},"22":{"start":{"line":65,"column":0},"end":{"line":73,"column":2}},"23":{"start":{"line":66,"column":2},"end":{"line":66,"column":28}},"24":{"start":{"line":68,"column":2},"end":{"line":70,"column":3}},"25":{"start":{"line":69,"column":4},"end":{"line":69,"column":55}},"26":{"start":{"line":72,"column":2},"end":{"line":72,"column":30}},"27":{"start":{"line":80,"column":0},"end":{"line":82,"column":2}},"28":{"start":{"line":81,"column":2},"end":{"line":81,"column":35}},"29":{"start":{"line":89,"column":0},"end":{"line":101,"column":2}},"30":{"start":{"line":90,"column":2},"end":{"line":90,"column":28}},"31":{"start":{"line":91,"column":2},"end":{"line":93,"column":3}},"32":{"start":{"line":92,"column":4},"end":{"line":92,"column":59}},"33":{"start":{"line":96,"column":2},"end":{"line":98,"column":3}},"34":{"start":{"line":97,"column":4},"end":{"line":97,"column":12}},"35":{"start":{"line":100,"column":2},"end":{"line":100,"column":17}},"36":{"start":{"line":107,"column":0},"end":{"line":115,"column":2}},"37":{"start":{"line":108,"column":2},"end":{"line":108,"column":28}},"38":{"start":{"line":110,"column":2},"end":{"line":112,"column":3}},"39":{"start":{"line":111,"column":4},"end":{"line":111,"column":55}},"40":{"start":{"line":114,"column":2},"end":{"line":114,"column":19}},"41":{"start":{"line":121,"column":0},"end":{"line":121,"column":26}},"42":{"start":{"line":123,"column":0},"end":{"line":123,"column":22}}},"branchMap":{"1":{"line":21,"type":"cond-expr","locations":[{"start":{"line":21,"column":33},"end":{"line":21,"column":50}},{"start":{"line":21,"column":53},"end":{"line":21,"column":57}}]},"2":{"line":26,"type":"switch","locations":[{"start":{"line":27,"column":4},"end":{"line":28,"column":18}},{"start":{"line":29,"column":4},"end":{"line":30,"column":29}},{"start":{"line":31,"column":4},"end":{"line":32,"column":44}},{"start":{"line":33,"column":4},"end":{"line":34,"column":32}},{"start":{"line":35,"column":4},"end":{"line":36,"column":41}},{"start":{"line":37,"column":4},"end":{"line":38,"column":40}},{"start":{"line":39,"column":4},"end":{"line":40,"column":40}},{"start":{"line":50,"column":4},"end":{"line":51,"column":39}}]},"3":{"line":36,"type":"binary-expr","locations":[{"start":{"line":36,"column":13},"end":{"line":36,"column":28}},{"start":{"line":36,"column":32},"end":{"line":36,"column":40}}]},"4":{"line":38,"type":"binary-expr","locations":[{"start":{"line":38,"column":13},"end":{"line":38,"column":28}},{"start":{"line":38,"column":32},"end":{"line":38,"column":39}}]},"5":{"line":40,"type":"binary-expr","locations":[{"start":{"line":40,"column":13},"end":{"line":40,"column":28}},{"start":{"line":40,"column":32},"end":{"line":40,"column":39}}]},"6":{"line":68,"type":"if","locations":[{"start":{"line":68,"column":2},"end":{"line":68,"column":2}},{"start":{"line":68,"column":2},"end":{"line":68,"column":2}}]},"7":{"line":91,"type":"if","locations":[{"start":{"line":91,"column":2},"end":{"line":91,"column":2}},{"start":{"line":91,"column":2},"end":{"line":91,"column":2}}]},"8":{"line":96,"type":"if","locations":[{"start":{"line":96,"column":2},"end":{"line":96,"column":2}},{"start":{"line":96,"column":2},"end":{"line":96,"column":2}}]},"9":{"line":96,"type":"binary-expr","locations":[{"start":{"line":96,"column":6},"end":{"line":96,"column":9}},{"start":{"line":96,"column":14},"end":{"line":96,"column":31}},{"start":{"line":96,"column":35},"end":{"line":96,"column":59}}]},"10":{"line":110,"type":"if","locations":[{"start":{"line":110,"column":2},"end":{"line":110,"column":2}},{"start":{"line":110,"column":2},"end":{"line":110,"column":2}}]}},"l":{"5":1,"7":1,"9":1,"11":1,"19":1,"20":871,"21":871,"24":1,"25":714,"26":714,"28":27,"30":516,"32":22,"34":16,"36":2,"38":4,"40":3,"51":124,"55":17,"57":1,"65":1,"66":720,"68":720,"69":1,"72":719,"80":1,"81":14,"89":1,"90":7,"91":7,"92":1,"96":6,"97":3,"100":6,"107":1,"108":7,"110":7,"111":1,"114":6,"121":1,"123":1}},
"/Users/Mora/Workspace/node/elegant.def/src/lib/rule-simple.js":{"path":"/Users/Mora/Workspace/node/elegant.def/src/lib/rule-simple.js","s":{"1":1,"2":1,"3":381,"4":381,"5":381,"6":673,"7":673,"8":673,"9":642,"10":642,"11":642,"12":95,"13":547,"14":547,"15":21,"16":21,"17":27,"18":27,"19":526,"20":673,"21":290,"22":290,"23":381,"24":37,"25":52,"26":46,"27":52,"28":52,"29":9,"30":52},"b":{"1":[95,547],"2":[642,548],"3":[21,526],"4":[48,30],"5":[290,383],"6":[673,293],"7":[290,91],"8":[46,6],"9":[9,43]},"f":{"1":381,"2":673,"3":37,"4":52},"fnMap":{"1":{"name":"(anonymous_1)","line":11,"loc":{"start":{"line":11,"column":9},"end":{"line":11,"column":36}}},"2":{"name":"(anonymous_2)","line":15,"loc":{"start":{"line":15,"column":35},"end":{"line":15,"column":53}}},"3":{"name":"(anonymous_3)","line":51,"loc":{"start":{"line":51,"column":14},"end":{"line":51,"column":39}}},"4":{"name":"(anonymous_4)","line":54,"loc":{"start":{"line":54,"column":42},"end":{"line":54,"column":58}}}},"statementMap":{"1":{"start":{"line":1,"column":0},"end":{"line":2,"column":27}},"2":{"start":{"line":4,"column":0},"end":{"line":63,"column":2}},"3":{"start":{"line":12,"column":4},"end":{"line":12,"column":15}},"4":{"start":{"line":13,"column":4},"end":{"line":13,"column":38}},"5":{"start":{"line":15,"column":4},"end":{"line":41,"column":7}},"6":{"start":{"line":16,"column":6},"end":{"line":16,"column":18}},"7":{"start":{"line":17,"column":6},"end":{"line":17,"column":46}},"8":{"start":{"line":18,"column":6},"end":{"line":35,"column":7}},"9":{"start":{"line":19,"column":8},"end":{"line":19,"column":51}},"10":{"start":{"line":20,"column":8},"end":{"line":20,"column":29}},"11":{"start":{"line":21,"column":8},"end":{"line":23,"column":9}},"12":{"start":{"line":22,"column":10},"end":{"line":22,"column":16}},"13":{"start":{"line":25,"column":8},"end":{"line":25,"column":19}},"14":{"start":{"line":26,"column":8},"end":{"line":34,"column":9}},"15":{"start":{"line":27,"column":10},"end":{"line":27,"column":36}},"16":{"start":{"line":28,"column":10},"end":{"line":31,"column":11}},"17":{"start":{"line":29,"column":12},"end":{"line":29,"column":51}},"18":{"start":{"line":30,"column":12},"end":{"line":30,"column":23}},"19":{"start":{"line":33,"column":10},"end":{"line":33,"column":34}},"20":{"start":{"line":37,"column":6},"end":{"line":40,"column":7}},"21":{"start":{"line":38,"column":8},"end":{"line":38,"column":22}},"22":{"start":{"line":39,"column":8},"end":{"line":39,"column":21}},"23":{"start":{"line":43,"column":4},"end":{"line":43,"column":35}},"24":{"start":{"line":52,"column":4},"end":{"line":61,"column":6}},"25":{"start":{"line":55,"column":8},"end":{"line":55,"column":49}},"26":{"start":{"line":55,"column":30},"end":{"line":55,"column":47}},"27":{"start":{"line":56,"column":8},"end":{"line":56,"column":66}},"28":{"start":{"line":57,"column":8},"end":{"line":57,"column":53}},"29":{"start":{"line":57,"column":32},"end":{"line":57,"column":51}},"30":{"start":{"line":58,"column":8},"end":{"line":58,"column":19}}},"branchMap":{"1":{"line":21,"type":"if","locations":[{"start":{"line":21,"column":8},"end":{"line":21,"column":8}},{"start":{"line":21,"column":8},"end":{"line":21,"column":8}}]},"2":{"line":21,"type":"binary-expr","locations":[{"start":{"line":21,"column":12},"end":{"line":21,"column":37}},{"start":{"line":21,"column":41},"end":{"line":21,"column":60}}]},"3":{"line":26,"type":"if","locations":[{"start":{"line":26,"column":8},"end":{"line":26,"column":8}},{"start":{"line":26,"column":8},"end":{"line":26,"column":8}}]},"4":{"line":28,"type":"binary-expr","locations":[{"start":{"line":28,"column":17},"end":{"line":28,"column":35}},{"start":{"line":28,"column":39},"end":{"line":28,"column":74}}]},"5":{"line":37,"type":"if","locations":[{"start":{"line":37,"column":6},"end":{"line":37,"column":6}},{"start":{"line":37,"column":6},"end":{"line":37,"column":6}}]},"6":{"line":37,"type":"binary-expr","locations":[{"start":{"line":37,"column":10},"end":{"line":37,"column":30}},{"start":{"line":37,"column":34},"end":{"line":37,"column":59}}]},"7":{"line":43,"type":"cond-expr","locations":[{"start":{"line":43,"column":20},"end":{"line":43,"column":26}},{"start":{"line":43,"column":29},"end":{"line":43,"column":34}}]},"8":{"line":55,"type":"if","locations":[{"start":{"line":55,"column":8},"end":{"line":55,"column":8}},{"start":{"line":55,"column":8},"end":{"line":55,"column":8}}]},"9":{"line":57,"type":"if","locations":[{"start":{"line":57,"column":8},"end":{"line":57,"column":8}},{"start":{"line":57,"column":8},"end":{"line":57,"column":8}}]}},"l":{"1":1,"4":1,"12":381,"13":381,"15":381,"16":673,"17":673,"18":673,"19":642,"20":642,"21":642,"22":95,"25":547,"26":547,"27":21,"28":21,"29":27,"30":27,"33":526,"37":673,"38":290,"39":290,"43":381,"52":37,"55":52,"56":52,"57":52,"58":52}},
"/Users/Mora/Workspace/node/elegant.def/src/full.js":{"path":"/Users/Mora/Workspace/node/elegant.def/src/full.js","s":{"1":1,"2":1,"3":43,"4":43,"5":14,"6":29,"7":1,"8":28,"9":27,"10":27,"11":27,"12":27,"13":1,"14":27,"15":28,"16":3,"17":25,"18":23,"19":1,"20":1,"21":1},"b":{"1":[14,29],"2":[1,28],"3":[27,1],"4":[1,26],"5":[3,25],"6":[28,27]},"f":{"1":43},"fnMap":{"1":{"name":"def","line":16,"loc":{"start":{"line":16,"column":0},"end":{"line":16,"column":17}}}},"statementMap":{"1":{"start":{"line":8,"column":0},"end":{"line":13,"column":31}},"2":{"start":{"line":16,"column":0},"end":{"line":45,"column":1}},"3":{"start":{"line":17,"column":2},"end":{"line":17,"column":15}},"4":{"start":{"line":19,"column":2},"end":{"line":21,"column":3}},"5":{"start":{"line":20,"column":4},"end":{"line":20,"column":54}},"6":{"start":{"line":23,"column":2},"end":{"line":25,"column":3}},"7":{"start":{"line":24,"column":4},"end":{"line":24,"column":70}},"8":{"start":{"line":27,"column":2},"end":{"line":34,"column":3}},"9":{"start":{"line":28,"column":4},"end":{"line":28,"column":29}},"10":{"start":{"line":29,"column":4},"end":{"line":29,"column":58}},"11":{"start":{"line":31,"column":4},"end":{"line":31,"column":41}},"12":{"start":{"line":32,"column":4},"end":{"line":32,"column":60}},"13":{"start":{"line":32,"column":25},"end":{"line":32,"column":58}},"14":{"start":{"line":33,"column":4},"end":{"line":33,"column":39}},"15":{"start":{"line":36,"column":2},"end":{"line":39,"column":3}},"16":{"start":{"line":38,"column":4},"end":{"line":38,"column":14}},"17":{"start":{"line":41,"column":2},"end":{"line":41,"column":59}},"18":{"start":{"line":44,"column":2},"end":{"line":44,"column":27}},"19":{"start":{"line":47,"column":0},"end":{"line":47,"column":20}},"20":{"start":{"line":48,"column":0},"end":{"line":48,"column":22}},"21":{"start":{"line":50,"column":0},"end":{"line":50,"column":21}}},"branchMap":{"1":{"line":19,"type":"if","locations":[{"start":{"line":19,"column":2},"end":{"line":19,"column":2}},{"start":{"line":19,"column":2},"end":{"line":19,"column":2}}]},"2":{"line":23,"type":"if","locations":[{"start":{"line":23,"column":2},"end":{"line":23,"column":2}},{"start":{"line":23,"column":2},"end":{"line":23,"column":2}}]},"3":{"line":27,"type":"if","locations":[{"start":{"line":27,"column":2},"end":{"line":27,"column":2}},{"start":{"line":27,"column":2},"end":{"line":27,"column":2}}]},"4":{"line":32,"type":"if","locations":[{"start":{"line":32,"column":4},"end":{"line":32,"column":4}},{"start":{"line":32,"column":4},"end":{"line":32,"column":4}}]},"5":{"line":36,"type":"if","locations":[{"start":{"line":36,"column":2},"end":{"line":36,"column":2}},{"start":{"line":36,"column":2},"end":{"line":36,"column":2}}]},"6":{"line":36,"type":"binary-expr","locations":[{"start":{"line":36,"column":6},"end":{"line":36,"column":10}},{"start":{"line":36,"column":14},"end":{"line":36,"column":31}}]}},"l":{"8":1,"16":1,"17":43,"19":43,"20":14,"23":29,"24":1,"27":28,"28":27,"29":27,"31":27,"32":27,"33":27,"36":28,"38":3,"41":25,"44":23,"47":1,"48":1,"50":1}},
"/Users/Mora/Workspace/node/elegant.def/src/lib/option.js":{"path":"/Users/Mora/Workspace/node/elegant.def/src/lib/option.js","s":{"1":1,"2":1,"3":7,"4":3,"5":4,"6":1,"7":1},"b":{"1":[3,4]},"f":{"1":7},"fnMap":{"1":{"name":"option","line":14,"loc":{"start":{"line":14,"column":0},"end":{"line":14,"column":26}}}},"statementMap":{"1":{"start":{"line":4,"column":0},"end":{"line":6,"column":2}},"2":{"start":{"line":14,"column":0},"end":{"line":20,"column":1}},"3":{"start":{"line":15,"column":2},"end":{"line":19,"column":3}},"4":{"start":{"line":16,"column":4},"end":{"line":16,"column":22}},"5":{"start":{"line":18,"column":4},"end":{"line":18,"column":21}},"6":{"start":{"line":22,"column":0},"end":{"line":22,"column":19}},"7":{"start":{"line":24,"column":0},"end":{"line":24,"column":24}}},"branchMap":{"1":{"line":15,"type":"if","locations":[{"start":{"line":15,"column":2},"end":{"line":15,"column":2}},{"start":{"line":15,"column":2},"end":{"line":15,"column":2}}]}},"l":{"4":1,"14":1,"15":7,"16":3,"18":4,"22":1,"24":1}},
"/Users/Mora/Workspace/node/elegant.def/src/lib/self.js":{"path":"/Users/Mora/Workspace/node/elegant.def/src/lib/self.js","s":{"1":1,"2":1,"3":1,"4":288,"5":288,"6":518,"7":208,"8":288,"9":288,"10":288,"11":288,"12":288,"13":288,"14":288,"15":524,"16":1,"17":33,"18":1,"19":32,"20":1,"21":51,"22":293,"23":293,"24":293,"25":374,"26":288,"27":288,"28":293,"29":288,"30":288,"31":111,"32":5,"33":1},"b":{"1":[208,310],"2":[23,9],"3":[288,86],"4":[288,5],"5":[82,206],"6":[82,29]},"f":{"1":288,"2":518,"3":524,"4":33,"5":32,"6":51,"7":293,"8":374,"9":111},"fnMap":{"1":{"name":"Self","line":12,"loc":{"start":{"line":12,"column":0},"end":{"line":12,"column":56}}},"2":{"name":"(anonymous_2)","line":14,"loc":{"start":{"line":14,"column":29},"end":{"line":14,"column":45}}},"3":{"name":"(anonymous_3)","line":24,"loc":{"start":{"line":24,"column":28},"end":{"line":24,"column":47}}},"4":{"name":"(anonymous_4)","line":29,"loc":{"start":{"line":29,"column":22},"end":{"line":29,"column":36}}},"5":{"name":"(anonymous_5)","line":33,"loc":{"start":{"line":33,"column":22},"end":{"line":33,"column":41}}},"6":{"name":"(anonymous_6)","line":37,"loc":{"start":{"line":37,"column":11},"end":{"line":37,"column":29}}},"7":{"name":"(anonymous_7)","line":38,"loc":{"start":{"line":38,"column":9},"end":{"line":38,"column":20}}},"8":{"name":"(anonymous_8)","line":43,"loc":{"start":{"line":43,"column":28},"end":{"line":43,"column":40}}},"9":{"name":"(anonymous_9)","line":56,"loc":{"start":{"line":56,"column":32},"end":{"line":56,"column":46}}}},"statementMap":{"1":{"start":{"line":1,"column":0},"end":{"line":1,"column":29}},"2":{"start":{"line":2,"column":0},"end":{"line":2,"column":36}},"3":{"start":{"line":12,"column":0},"end":{"line":27,"column":1}},"4":{"start":{"line":13,"column":2},"end":{"line":13,"column":38}},"5":{"start":{"line":14,"column":2},"end":{"line":16,"column":5}},"6":{"start":{"line":15,"column":4},"end":{"line":15,"column":55}},"7":{"start":{"line":15,"column":26},"end":{"line":15,"column":53}},"8":{"start":{"line":17,"column":2},"end":{"line":17,"column":40}},"9":{"start":{"line":18,"column":2},"end":{"line":18,"column":24}},"10":{"start":{"line":19,"column":2},"end":{"line":19,"column":21}},"11":{"start":{"line":20,"column":2},"end":{"line":20,"column":29}},"12":{"start":{"line":21,"column":2},"end":{"line":21,"column":27}},"13":{"start":{"line":23,"column":2},"end":{"line":23,"column":18}},"14":{"start":{"line":24,"column":2},"end":{"line":26,"column":5}},"15":{"start":{"line":25,"column":4},"end":{"line":25,"column":20}},"16":{"start":{"line":29,"column":0},"end":{"line":31,"column":2}},"17":{"start":{"line":30,"column":2},"end":{"line":30,"column":30}},"18":{"start":{"line":33,"column":0},"end":{"line":35,"column":2}},"19":{"start":{"line":34,"column":2},"end":{"line":34,"column":49}},"20":{"start":{"line":37,"column":0},"end":{"line":63,"column":2}},"21":{"start":{"line":38,"column":2},"end":{"line":62,"column":4}},"22":{"start":{"line":39,"column":4},"end":{"line":39,"column":22}},"23":{"start":{"line":40,"column":4},"end":{"line":40,"column":61}},"24":{"start":{"line":43,"column":4},"end":{"line":48,"column":7}},"25":{"start":{"line":44,"column":6},"end":{"line":47,"column":7}},"26":{"start":{"line":45,"column":8},"end":{"line":45,"column":17}},"27":{"start":{"line":46,"column":8},"end":{"line":46,"column":21}},"28":{"start":{"line":51,"column":4},"end":{"line":61,"column":5}},"29":{"start":{"line":52,"column":6},"end":{"line":52,"column":74}},"30":{"start":{"line":54,"column":6},"end":{"line":57,"column":8}},"31":{"start":{"line":56,"column":48},"end":{"line":56,"column":94}},"32":{"start":{"line":60,"column":6},"end":{"line":60,"column":81}},"33":{"start":{"line":66,"column":0},"end":{"line":66,"column":22}}},"branchMap":{"1":{"line":15,"type":"if","locations":[{"start":{"line":15,"column":4},"end":{"line":15,"column":4}},{"start":{"line":15,"column":4},"end":{"line":15,"column":4}}]},"2":{"line":34,"type":"cond-expr","locations":[{"start":{"line":34,"column":26},"end":{"line":34,"column":42}},{"start":{"line":34,"column":45},"end":{"line":34,"column":48}}]},"3":{"line":44,"type":"if","locations":[{"start":{"line":44,"column":6},"end":{"line":44,"column":6}},{"start":{"line":44,"column":6},"end":{"line":44,"column":6}}]},"4":{"line":51,"type":"if","locations":[{"start":{"line":51,"column":4},"end":{"line":51,"column":4}},{"start":{"line":51,"column":4},"end":{"line":51,"column":4}}]},"5":{"line":55,"type":"cond-expr","locations":[{"start":{"line":55,"column":45},"end":{"line":55,"column":51}},{"start":{"line":55,"column":54},"end":{"line":55,"column":58}}]},"6":{"line":56,"type":"cond-expr","locations":[{"start":{"line":56,"column":72},"end":{"line":56,"column":76}},{"start":{"line":56,"column":79},"end":{"line":56,"column":93}}]}},"l":{"1":1,"2":1,"12":1,"13":288,"14":288,"15":518,"17":288,"18":288,"19":288,"20":288,"21":288,"23":288,"24":288,"25":524,"29":1,"30":33,"33":1,"34":32,"37":1,"38":51,"39":293,"40":293,"43":293,"44":374,"45":288,"46":288,"51":293,"52":288,"54":288,"56":111,"60":5,"66":1}},
"/Users/Mora/Workspace/node/elegant.def/src/simple.js":{"path":"/Users/Mora/Workspace/node/elegant.def/src/simple.js","s":{"1":1,"2":1,"3":1,"4":1,"5":1,"6":1,"7":29,"8":1,"9":28,"10":28,"11":28,"12":28,"13":28,"14":28,"15":1,"16":1,"17":1},"b":{"1":[1,28],"2":[28,24],"3":[28,8]},"f":{"1":29},"fnMap":{"1":{"name":"def","line":19,"loc":{"start":{"line":19,"column":0},"end":{"line":19,"column":22}}}},"statementMap":{"1":{"start":{"line":7,"column":0},"end":{"line":7,"column":33}},"2":{"start":{"line":8,"column":0},"end":{"line":8,"column":37}},"3":{"start":{"line":9,"column":0},"end":{"line":9,"column":40}},"4":{"start":{"line":10,"column":0},"end":{"line":10,"column":33}},"5":{"start":{"line":11,"column":0},"end":{"line":11,"column":33}},"6":{"start":{"line":19,"column":0},"end":{"line":33,"column":1}},"7":{"start":{"line":21,"column":2},"end":{"line":23,"column":3}},"8":{"start":{"line":22,"column":4},"end":{"line":22,"column":14}},"9":{"start":{"line":25,"column":2},"end":{"line":25,"column":51}},"10":{"start":{"line":26,"column":2},"end":{"line":26,"column":56}},"11":{"start":{"line":27,"column":2},"end":{"line":27,"column":46}},"12":{"start":{"line":29,"column":2},"end":{"line":29,"column":30}},"13":{"start":{"line":30,"column":2},"end":{"line":30,"column":38}},"14":{"start":{"line":32,"column":2},"end":{"line":32,"column":27}},"15":{"start":{"line":35,"column":0},"end":{"line":35,"column":20}},"16":{"start":{"line":36,"column":0},"end":{"line":36,"column":22}},"17":{"start":{"line":38,"column":0},"end":{"line":38,"column":21}}},"branchMap":{"1":{"line":21,"type":"if","locations":[{"start":{"line":21,"column":2},"end":{"line":21,"column":2}},{"start":{"line":21,"column":2},"end":{"line":21,"column":2}}]},"2":{"line":29,"type":"binary-expr","locations":[{"start":{"line":29,"column":14},"end":{"line":29,"column":23}},{"start":{"line":29,"column":27},"end":{"line":29,"column":29}}]},"3":{"line":30,"type":"binary-expr","locations":[{"start":{"line":30,"column":18},"end":{"line":30,"column":31}},{"start":{"line":30,"column":35},"end":{"line":30,"column":37}}]}},"l":{"7":1,"8":1,"9":1,"10":1,"11":1,"19":1,"21":29,"22":1,"25":28,"26":28,"27":28,"29":28,"30":28,"32":28,"35":1,"36":1,"38":1}}}
