TN:
SF:/Users/Mora/Workspace/node/elegant.def/src/lib/base.js
FN:21,(anonymous_1)
FN:37,(anonymous_2)
FN:51,(anonymous_3)
FN:61,(anonymous_4)
FN:73,(anonymous_5)
FN:77,(anonymous_6)
FN:89,(anonymous_7)
FN:93,(anonymous_8)
FN:107,(anonymous_9)
FN:114,(anonymous_10)
FN:116,(anonymous_11)
FN:125,(anonymous_12)
FN:146,(anonymous_13)
FN:151,(anonymous_14)
FN:153,(anonymous_15)
FN:154,(anonymous_16)
FN:167,(anonymous_17)
FN:172,(anonymous_18)
FN:184,(anonymous_19)
FNF:19
FNH:19
FNDA:959,(anonymous_1)
FNDA:1881,(anonymous_2)
FNDA:1598,(anonymous_3)
FNDA:409,(anonymous_4)
FNDA:797,(anonymous_5)
FNDA:2,(anonymous_6)
FNDA:178,(anonymous_7)
FNDA:2,(anonymous_8)
FNDA:978,(anonymous_9)
FNDA:7,(anonymous_10)
FNDA:1452,(anonymous_11)
FNDA:5,(anonymous_12)
FNDA:525,(anonymous_13)
FNDA:683,(anonymous_14)
FNDA:739,(anonymous_15)
FNDA:745,(anonymous_16)
FNDA:2,(anonymous_17)
FNDA:2,(anonymous_18)
FNDA:11,(anonymous_19)
DA:21,1
DA:22,959
DA:23,1273
DA:24,1273
DA:25,1
DA:37,1
DA:38,1881
DA:39,2736
DA:40,578
DA:51,1
DA:52,1598
DA:61,1
DA:62,409
DA:73,1
DA:74,797
DA:75,797
DA:78,2
DA:89,1
DA:90,178
DA:91,178
DA:94,2
DA:95,1
DA:107,1
DA:108,978
DA:111,1
DA:114,1
DA:116,1452
DA:125,1
DA:126,5
DA:128,5
DA:130,4
DA:132,2
DA:134,2
DA:137,1
DA:146,1
DA:147,525
DA:151,1
DA:152,683
DA:153,683
DA:154,745
DA:156,683
DA:159,1
DA:167,1
DA:168,2
DA:169,1
DA:171,1
DA:172,1
DA:173,2
DA:175,1
DA:184,1
DA:185,11
DA:186,1
DA:188,11
DA:189,1
DA:191,11
LF:55
LH:55
BRDA:23,1,0,1273
BRDA:23,1,1,0
BRDA:24,2,0,1
BRDA:24,2,1,1272
BRDA:39,3,0,578
BRDA:39,3,1,2156
BRDA:62,4,0,405
BRDA:62,4,1,4
BRDA:75,5,0,796
BRDA:75,5,1,1
BRDA:77,6,0,1
BRDA:77,6,1,1
BRDA:91,7,0,177
BRDA:91,7,1,1
BRDA:93,8,0,1
BRDA:93,8,1,1
BRDA:94,9,0,1
BRDA:94,9,1,1
BRDA:108,10,0,978
BRDA:108,10,1,294
BRDA:116,11,0,1452
BRDA:116,11,1,1452
BRDA:126,12,0,2
BRDA:126,12,1,3
BRDA:128,13,0,4
BRDA:128,13,1,1
BRDA:130,14,0,2
BRDA:130,14,1,2
BRDA:132,15,0,2
BRDA:132,15,1,1
BRDA:134,16,0,2
BRDA:134,16,1,1
BRDA:147,17,0,525
BRDA:147,17,1,507
BRDA:152,18,0,2
BRDA:152,18,1,681
BRDA:154,19,0,669
BRDA:154,19,1,70
BRDA:168,20,0,1
BRDA:168,20,1,1
BRDA:185,21,0,1
BRDA:185,21,1,10
BRDA:188,22,0,1
BRDA:188,22,1,10
BRF:44
BRH:43
end_of_record
TN:
SF:/Users/Mora/Workspace/node/elegant.def/src/compile.js
FN:15,empty
FN:18,_getIndexedCfgArray
FN:28,(anonymous_3)
FN:39,(anonymous_4)
FN:53,(anonymous_5)
FN:65,(anonymous_6)
FN:83,compile
FN:86,(anonymous_8)
FN:90,(anonymous_9)
FN:100,(anonymous_10)
FN:100,(anonymous_11)
FN:131,(anonymous_12)
FN:134,(anonymous_13)
FN:140,(anonymous_14)
FN:141,(anonymous_15)
FN:157,(anonymous_16)
FN:160,(anonymous_17)
FNF:17
FNH:17
FNDA:24,empty
FNDA:18,_getIndexedCfgArray
FNDA:24,(anonymous_3)
FNDA:56,(anonymous_4)
FNDA:1582,(anonymous_5)
FNDA:24,(anonymous_6)
FNDA:9,compile
FNDA:12,(anonymous_8)
FNDA:24,(anonymous_9)
FNDA:4,(anonymous_10)
FNDA:12,(anonymous_11)
FNDA:9,(anonymous_12)
FNDA:12,(anonymous_13)
FNDA:16,(anonymous_14)
FNDA:23,(anonymous_15)
FNDA:21,(anonymous_16)
FNDA:26,(anonymous_17)
DA:8,1
DA:15,24
DA:18,1
DA:20,18
DA:22,18
DA:27,18
DA:28,18
DA:29,24
DA:30,24
DA:31,24
DA:32,24
DA:35,0
DA:39,18
DA:40,56
DA:41,28
DA:43,28
DA:44,24
DA:46,24
DA:50,18
DA:52,18
DA:53,18
DA:54,1582
DA:60,24
DA:61,24
DA:62,24
DA:63,24
DA:65,24
DA:67,24
DA:72,18
DA:83,1
DA:84,9
DA:86,9
DA:87,12
DA:88,12
DA:90,12
DA:91,24
DA:95,12
DA:96,12
DA:99,9
DA:100,9
DA:101,12
DA:102,12
DA:104,9
DA:105,9
DA:131,1
DA:132,9
DA:134,9
DA:136,12
DA:137,12
DA:138,12
DA:140,12
DA:141,16
DA:142,23
DA:143,8
DA:146,23
DA:148,23
DA:149,3
DA:152,23
DA:154,23
DA:157,16
DA:158,21
DA:160,26
DA:165,12
DA:166,12
DA:167,12
DA:168,12
DA:171,9
DA:175,1
LF:68
LH:67
BRDA:31,1,0,24
BRDA:31,1,1,0
BRDA:31,2,0,24
BRDA:31,2,1,24
BRDA:40,3,0,28
BRDA:40,3,1,28
BRDA:43,4,0,24
BRDA:43,4,1,4
BRDA:43,5,0,28
BRDA:43,5,1,28
BRDA:54,6,0,24
BRDA:54,6,1,1558
BRDA:55,7,0,1582
BRDA:55,7,1,168
BRDA:55,7,2,26
BRDA:55,7,3,26
BRDA:62,8,0,24
BRDA:62,8,1,0
BRDA:63,9,0,2
BRDA:63,9,1,22
BRDA:91,10,0,21
BRDA:91,10,1,3
BRDA:95,11,0,10
BRDA:95,11,1,2
BRDA:96,12,0,4
BRDA:96,12,1,8
BRDA:142,13,0,8
BRDA:142,13,1,15
BRDA:142,14,0,23
BRDA:142,14,1,19
BRDA:148,15,0,3
BRDA:148,15,1,20
BRF:32
BRH:30
end_of_record
TN:
SF:/Users/Mora/Workspace/node/elegant.def/src/lib/heredoc.js
FN:19,getTags
FN:25,addTag
FN:30,(anonymous_3)
FN:51,(anonymous_4)
FN:52,(anonymous_5)
FN:62,(anonymous_6)
FN:67,(anonymous_7)
FN:75,(anonymous_8)
FN:99,(anonymous_9)
FN:107,(anonymous_10)
FNF:10
FNH:10
FNDA:55,getTags
FNDA:100,addTag
FNDA:100,(anonymous_3)
FNDA:87,(anonymous_4)
FNDA:6,(anonymous_5)
FNDA:55,(anonymous_6)
FNDA:110,(anonymous_7)
FNDA:6,(anonymous_8)
FNDA:31,(anonymous_9)
FNDA:29,(anonymous_10)
DA:5,1
DA:6,1
DA:8,1
DA:10,1
DA:19,1
DA:21,55
DA:23,55
DA:25,1
DA:26,100
DA:27,100
DA:30,55
DA:31,100
DA:32,49
DA:34,51
DA:37,100
DA:38,100
DA:41,55
DA:42,49
DA:45,55
DA:47,55
DA:51,87
DA:52,6
DA:62,1
DA:64,55
DA:65,55
DA:67,55
DA:68,110
DA:71,55
DA:72,55
DA:74,55
DA:75,55
DA:76,6
DA:77,6
DA:78,6
DA:82,55
DA:83,14
DA:84,14
DA:87,55
DA:90,1
DA:99,1
DA:100,31
DA:101,31
DA:107,1
DA:108,29
DA:109,29
DA:110,29
DA:112,29
DA:113,29
DA:117,1
LF:49
LH:49
BRDA:26,1,0,69
BRDA:26,1,1,31
BRDA:31,2,0,49
BRDA:31,2,1,51
BRDA:41,3,0,49
BRDA:41,3,1,6
BRDA:68,4,0,11
BRDA:68,4,1,99
BRDA:71,5,0,55
BRDA:71,5,1,12
BRDA:71,6,0,55
BRDA:71,6,1,49
BRDA:72,7,0,3
BRDA:72,7,1,52
BRDA:72,8,0,55
BRDA:72,8,1,52
BRDA:78,9,0,6
BRDA:78,9,1,6
BRDA:82,10,0,14
BRDA:82,10,1,41
BRDA:83,11,0,14
BRDA:83,11,1,13
BRDA:101,12,0,31
BRDA:101,12,1,3
BRDA:112,13,0,22
BRDA:112,13,1,7
BRF:26
BRH:26
end_of_record
TN:
SF:/Users/Mora/Workspace/node/elegant.def/src/lib/rule.js
FN:29,consume
FN:64,isBracketsPaired
FN:74,toInt
FN:76,parseVal
FN:86,_parseRuleArgs
FN:89,(anonymous_6)
FN:120,(anonymous_7)
FN:156,(anonymous_8)
FN:179,(anonymous_9)
FN:207,(anonymous_10)
FN:225,(anonymous_11)
FN:226,(anonymous_12)
FN:239,(anonymous_13)
FN:241,(anonymous_14)
FN:243,(anonymous_15)
FN:244,(anonymous_16)
FNF:16
FNH:16
FNDA:162,consume
FNDA:90,isBracketsPaired
FNDA:153,toInt
FNDA:25,parseVal
FNDA:93,_parseRuleArgs
FNDA:152,(anonymous_6)
FNDA:73,(anonymous_7)
FNDA:95,(anonymous_8)
FNDA:141,(anonymous_9)
FNDA:119,(anonymous_10)
FNDA:17,(anonymous_11)
FNDA:25,(anonymous_12)
FNDA:47,(anonymous_13)
FNDA:74,(anonymous_14)
FNDA:98,(anonymous_15)
FNDA:125,(anonymous_16)
DA:5,1
DA:6,1
DA:7,1
DA:8,1
DA:9,1
DA:10,1
DA:12,1
DA:15,1
DA:17,1
DA:29,1
DA:30,162
DA:32,126
DA:33,126
DA:34,83
DA:36,43
DA:37,30
DA:38,30
DA:39,127
DA:40,127
DA:41,12
DA:42,115
DA:43,42
DA:44,30
DA:45,30
DA:47,12
DA:53,13
DA:64,1
DA:65,90
DA:66,90
DA:67,264
DA:68,264
DA:69,264
DA:71,90
DA:74,153
DA:76,1
DA:77,25
DA:78,25
DA:79,7
DA:81,25
DA:86,1
DA:87,93
DA:89,93
DA:91,152
DA:92,152
DA:94,142
DA:96,142
DA:98,142
DA:99,8
DA:100,8
DA:102,134
DA:105,142
DA:106,142
DA:108,142
DA:109,9
DA:110,9
DA:111,9
DA:112,9
DA:114,133
DA:116,142
DA:118,142
DA:120,142
DA:121,73
DA:122,73
DA:125,69
DA:126,26
DA:127,26
DA:128,26
DA:129,4
DA:130,22
DA:131,7
DA:133,15
DA:137,68
DA:139,68
DA:141,68
DA:142,9
DA:146,92
DA:156,1
DA:158,95
DA:159,2
DA:162,93
DA:165,93
DA:172,93
DA:173,93
DA:175,1
DA:178,92
DA:179,92
DA:180,141
DA:181,140
DA:183,140
DA:184,25
DA:186,25
DA:187,25
DA:189,0
DA:192,25
DA:193,1
DA:198,90
DA:201,90
DA:204,90
DA:207,89
DA:208,119
DA:209,119
DA:210,24
DA:212,95
DA:216,89
DA:225,1
DA:226,17
DA:227,25
DA:228,25
DA:229,25
DA:230,25
DA:232,17
DA:239,1
DA:240,47
DA:241,47
DA:243,74
DA:244,98
DA:245,125
DA:246,125
DA:249,98
DA:251,98
DA:253,98
DA:257,74
DA:263,1
LF:123
LH:122
BRDA:30,1,0,36
BRDA:30,1,1,126
BRDA:33,2,0,83
BRDA:33,2,1,43
BRDA:36,3,0,30
BRDA:36,3,1,13
BRDA:40,4,0,12
BRDA:40,4,1,115
BRDA:42,5,0,42
BRDA:42,5,1,73
BRDA:43,6,0,30
BRDA:43,6,1,12
BRDA:68,7,0,30
BRDA:68,7,1,234
BRDA:69,8,0,29
BRDA:69,8,1,235
BRDA:78,9,0,7
BRDA:78,9,1,18
BRDA:78,10,0,25
BRDA:78,10,1,7
BRDA:92,11,0,10
BRDA:92,11,1,142
BRDA:98,12,0,8
BRDA:98,12,1,134
BRDA:108,13,0,9
BRDA:108,13,1,133
BRDA:125,14,0,26
BRDA:125,14,1,43
BRDA:128,15,0,4
BRDA:128,15,1,22
BRDA:130,16,0,7
BRDA:130,16,1,15
BRDA:141,17,0,9
BRDA:141,17,1,59
BRDA:158,18,0,2
BRDA:158,18,1,93
BRDA:180,19,0,1
BRDA:180,19,1,140
BRDA:183,20,0,25
BRDA:183,20,1,115
BRDA:192,21,0,1
BRDA:192,21,1,24
BRDA:204,22,0,1
BRDA:204,22,1,89
BRDA:209,23,0,24
BRDA:209,23,1,95
BRDA:228,24,0,3
BRDA:228,24,1,22
BRDA:229,25,0,5
BRDA:229,25,1,20
BRDA:246,26,0,9
BRDA:246,26,1,116
BRF:52
BRH:52
end_of_record
TN:
SF:/Users/Mora/Workspace/node/elegant.def/src/lib/type.js
FN:19,normalize
FN:24,is
FN:55,(anonymous_3)
FN:65,(anonymous_4)
FN:80,(anonymous_5)
FN:89,(anonymous_6)
FN:107,(anonymous_7)
FNF:7
FNH:7
FNDA:871,normalize
FNDA:714,is
FNDA:17,(anonymous_3)
FNDA:720,(anonymous_4)
FNDA:14,(anonymous_5)
FNDA:7,(anonymous_6)
FNDA:7,(anonymous_7)
DA:5,1
DA:7,1
DA:9,1
DA:11,1
DA:19,1
DA:20,871
DA:21,871
DA:24,1
DA:25,714
DA:26,714
DA:28,27
DA:30,516
DA:32,22
DA:34,16
DA:36,2
DA:38,4
DA:40,3
DA:51,124
DA:55,17
DA:57,1
DA:65,1
DA:66,720
DA:68,720
DA:69,1
DA:72,719
DA:80,1
DA:81,14
DA:89,1
DA:90,7
DA:91,7
DA:92,1
DA:96,6
DA:97,3
DA:100,6
DA:107,1
DA:108,7
DA:110,7
DA:111,1
DA:114,6
DA:121,1
DA:123,1
LF:41
LH:41
BRDA:21,1,0,3
BRDA:21,1,1,868
BRDA:26,2,0,27
BRDA:26,2,1,516
BRDA:26,2,2,22
BRDA:26,2,3,16
BRDA:26,2,4,2
BRDA:26,2,5,4
BRDA:26,2,6,3
BRDA:26,2,7,124
BRDA:36,3,0,2
BRDA:36,3,1,2
BRDA:38,4,0,4
BRDA:38,4,1,4
BRDA:40,5,0,3
BRDA:40,5,1,3
BRDA:68,6,0,1
BRDA:68,6,1,719
BRDA:91,7,0,1
BRDA:91,7,1,6
BRDA:96,8,0,3
BRDA:96,8,1,3
BRDA:96,9,0,6
BRDA:96,9,1,3
BRDA:96,9,2,1
BRDA:110,10,0,1
BRDA:110,10,1,6
BRF:27
BRH:27
end_of_record
TN:
SF:/Users/Mora/Workspace/node/elegant.def/src/lib/rule-simple.js
FN:11,(anonymous_1)
FN:15,(anonymous_2)
FN:51,(anonymous_3)
FN:54,(anonymous_4)
FNF:4
FNH:4
FNDA:381,(anonymous_1)
FNDA:673,(anonymous_2)
FNDA:37,(anonymous_3)
FNDA:52,(anonymous_4)
DA:1,1
DA:4,1
DA:12,381
DA:13,381
DA:15,381
DA:16,673
DA:17,673
DA:18,673
DA:19,642
DA:20,642
DA:21,642
DA:22,95
DA:25,547
DA:26,547
DA:27,21
DA:28,21
DA:29,27
DA:30,27
DA:33,526
DA:37,673
DA:38,290
DA:39,290
DA:43,381
DA:52,37
DA:55,52
DA:56,52
DA:57,52
DA:58,52
LF:28
LH:28
BRDA:21,1,0,95
BRDA:21,1,1,547
BRDA:21,2,0,642
BRDA:21,2,1,548
BRDA:26,3,0,21
BRDA:26,3,1,526
BRDA:28,4,0,48
BRDA:28,4,1,30
BRDA:37,5,0,290
BRDA:37,5,1,383
BRDA:37,6,0,673
BRDA:37,6,1,293
BRDA:43,7,0,290
BRDA:43,7,1,91
BRDA:55,8,0,46
BRDA:55,8,1,6
BRDA:57,9,0,9
BRDA:57,9,1,43
BRF:18
BRH:18
end_of_record
TN:
SF:/Users/Mora/Workspace/node/elegant.def/src/full.js
FN:16,def
FNF:1
FNH:1
FNDA:43,def
DA:8,1
DA:16,1
DA:17,43
DA:19,43
DA:20,14
DA:23,29
DA:24,1
DA:27,28
DA:28,27
DA:29,27
DA:31,27
DA:32,27
DA:33,27
DA:36,28
DA:38,3
DA:41,25
DA:44,23
DA:47,1
DA:48,1
DA:50,1
LF:20
LH:20
BRDA:19,1,0,14
BRDA:19,1,1,29
BRDA:23,2,0,1
BRDA:23,2,1,28
BRDA:27,3,0,27
BRDA:27,3,1,1
BRDA:32,4,0,1
BRDA:32,4,1,26
BRDA:36,5,0,3
BRDA:36,5,1,25
BRDA:36,6,0,28
BRDA:36,6,1,27
BRF:12
BRH:12
end_of_record
TN:
SF:/Users/Mora/Workspace/node/elegant.def/src/lib/option.js
FN:14,option
FNF:1
FNH:1
FNDA:7,option
DA:4,1
DA:14,1
DA:15,7
DA:16,3
DA:18,4
DA:22,1
DA:24,1
LF:7
LH:7
BRDA:15,1,0,3
BRDA:15,1,1,4
BRF:2
BRH:2
end_of_record
TN:
SF:/Users/Mora/Workspace/node/elegant.def/src/lib/self.js
FN:12,Self
FN:14,(anonymous_2)
FN:24,(anonymous_3)
FN:29,(anonymous_4)
FN:33,(anonymous_5)
FN:37,(anonymous_6)
FN:38,(anonymous_7)
FN:43,(anonymous_8)
FN:56,(anonymous_9)
FNF:9
FNH:9
FNDA:288,Self
FNDA:518,(anonymous_2)
FNDA:524,(anonymous_3)
FNDA:33,(anonymous_4)
FNDA:32,(anonymous_5)
FNDA:51,(anonymous_6)
FNDA:293,(anonymous_7)
FNDA:374,(anonymous_8)
FNDA:111,(anonymous_9)
DA:1,1
DA:2,1
DA:12,1
DA:13,288
DA:14,288
DA:15,518
DA:17,288
DA:18,288
DA:19,288
DA:20,288
DA:21,288
DA:23,288
DA:24,288
DA:25,524
DA:29,1
DA:30,33
DA:33,1
DA:34,32
DA:37,1
DA:38,51
DA:39,293
DA:40,293
DA:43,293
DA:44,374
DA:45,288
DA:46,288
DA:51,293
DA:52,288
DA:54,288
DA:56,111
DA:60,5
DA:66,1
LF:32
LH:32
BRDA:15,1,0,208
BRDA:15,1,1,310
BRDA:34,2,0,23
BRDA:34,2,1,9
BRDA:44,3,0,288
BRDA:44,3,1,86
BRDA:51,4,0,288
BRDA:51,4,1,5
BRDA:55,5,0,82
BRDA:55,5,1,206
BRDA:56,6,0,82
BRDA:56,6,1,29
BRF:12
BRH:12
end_of_record
TN:
SF:/Users/Mora/Workspace/node/elegant.def/src/simple.js
FN:19,def
FNF:1
FNH:1
FNDA:29,def
DA:7,1
DA:8,1
DA:9,1
DA:10,1
DA:11,1
DA:19,1
DA:21,29
DA:22,1
DA:25,28
DA:26,28
DA:27,28
DA:29,28
DA:30,28
DA:32,28
DA:35,1
DA:36,1
DA:38,1
LF:17
LH:17
BRDA:21,1,0,1
BRDA:21,1,1,28
BRDA:29,2,0,28
BRDA:29,2,1,24
BRDA:30,3,0,28
BRDA:30,3,1,8
BRF:6
BRH:6
end_of_record
